T2768 4077:959 SEGGER J-Link V4.84c Log File (0002ms, 108942ms total)
T2768 4077:959 DLL Compiled: Apr 16 2014 18:53:07 (0002ms, 108942ms total)
T2768 4077:959 Logging started @ 2016-09-08 01:30 (0002ms, 108942ms total)
T2768 4078:009 JLINK_ExecCommand("Device = AT91SAM3N4C", ...)Device "ATSAM3N4C" selected (256 KB flash, 24 KB RAM).  returns 0x00 (0000ms, 108942ms total)
T2768 4078:039 JLINK_ExecCommand("ProjectFile = C:\Users\Caio\Documents\GitHub\Cubli_2016\FreeRTOS\IMU_FreeRTOS\IMU_FreeRTOS\jlink.config", ...)  returns 0x00 (0001ms, 108943ms total)
T2768 4078:087 JLINK_ExecCommand("Device = AT91SAM3N4C", ...)Device "ATSAM3N4C" selected (256 KB flash, 24 KB RAM).  returns 0x00 (0000ms, 108944ms total)
T2768 4078:088 JLINK_TIF_Select(JLINKARM_TIF_JTAG)  returns 0x00 (0001ms, 108945ms total)
T2768 4078:090 JLINK_GetIdData(...) >0x2F8 JTAG>TotalIRLen = 4, IRPrint = 0x01 >0x30 JTAG> >0x210 JTAG> >0x70 JTAG> >0x40 JTAG> >0x40 JTAG> >0x40 JTAG> >0x48 JTAG> >0x78 JTAG> >0x40 JTAG> >0x30 JTAG> >0x40 JTAG> >0x40 JTAG> >0x30 JTAG> >0x40 JTAG> >0x48 JTAG>Found Cortex-M3 r2p0, Little endian. -- CPU_WriteMem(4 bytes @ 0xE0002000) -- CPU_ReadMem(4 bytes @ 0xE000EDF0) -- CPU_ReadMem(4 bytes @ 0xE0002000)FPUnit: 6 code (BP) slots and 2 literal slots -- CPU_ReadMem(4 bytes @ 0xE000EDFC)
 -- CPU_ReadMem(4 bytes @ 0xE0001000) -- CPU_WriteMem(4 bytes @ 0xE0001000) -- CPU_ReadMem(4 bytes @ 0xE00FF010)TPIU fitted. -- CPU_ReadMem(4 bytes @ 0xE00FF014) -- CPU_ReadMem(4 bytes @ 0xE00FF018) ScanLen=4 NumDevices=1 aId[0]=0x4BA00477 aIrRead[0]=0 aScanLen[0]=0 aScanRead[0]=0 (0021ms, 108967ms total)
T2768 4078:111 JLINK_ConfigJTAG(IRPre = 0, DRPre = 0) (0000ms, 108967ms total)
T2768 4078:111 JLINK_SetSpeed(1000) (0001ms, 108968ms total)
T2768 4078:112 JLINK_ResetPullsRESET(OFF) (0000ms, 108968ms total)
T2768 4078:112 JLINK_Connect() >0x2F8 JTAG>TotalIRLen = 4, IRPrint = 0x01 >0x30 JTAG> >0x210 JTAG> >0x70 JTAG> >0x40 JTAG> >0x40 JTAG> >0x40 JTAG> >0x48 JTAG> >0x78 JTAG> >0x40 JTAG> >0x30 JTAG> >0x40 JTAG> >0x40 JTAG> >0x30 JTAG> >0x40 JTAG> >0x48 JTAG>Found Cortex-M3 r2p0, Little endian. -- CPU_WriteMem(4 bytes @ 0xE0002000) -- CPU_ReadMem(4 bytes @ 0xE000EDF0) -- CPU_ReadMem(4 bytes @ 0xE0002000)FPUnit: 6 code (BP) slots and 2 literal slots -- CPU_ReadMem(4 bytes @ 0xE000EDFC)
 -- CPU_ReadMem(4 bytes @ 0xE0001000) -- CPU_WriteMem(4 bytes @ 0xE0001000) -- CPU_ReadMem(4 bytes @ 0xE00FF010)TPIU fitted. -- CPU_ReadMem(4 bytes @ 0xE00FF014) -- CPU_ReadMem(4 bytes @ 0xE00FF018)  returns 0x00 (0018ms, 108986ms total)
T2768 4078:130 JLINK_GetDebugInfo(0x100) -- Value=0xE00FF003  returns 0x00 (0001ms, 108987ms total)
T2768 4078:131 JLINK_ReadMem (0xE00FFFF0, 0x0010 Bytes, ...) -- CPU is running -- CPU_ReadMem(16 bytes @ 0xE00FFFF0) -- Data:  0D 00 00 00 10 00 00 00 05 00 00 00 B1 00 00 00  returns 0x00 (0001ms, 108988ms total)
T2768 4078:132 JLINK_ReadMem (0xE00FFFD0, 0x0020 Bytes, ...) -- CPU is running -- CPU_ReadMem(32 bytes @ 0xE00FFFD0) -- Data:  00 00 00 00 00 00 00 00 00 00 00 00 00 00 00 00 ...  returns 0x00 (0002ms, 108990ms total)
T2768 4078:134 JLINK_ReadMemU32(0xE00FF000, 0x0001 Items, ...) -- CPU is running -- CPU_ReadMem(4 bytes @ 0xE00FF000) -- Data:  03 F0 F0 FF  returns 0x01 (0001ms, 108991ms total)
T2768 4078:135 JLINK_ReadMem (0xE000EFF0, 0x0010 Bytes, ...) -- CPU is running -- CPU_ReadMem(16 bytes @ 0xE000EFF0) -- Data:  0D 00 00 00 E0 00 00 00 05 00 00 00 B1 00 00 00  returns 0x00 (0001ms, 108992ms total)
T2768 4078:136 JLINK_ReadMem (0xE000EFD0, 0x0020 Bytes, ...) -- CPU is running -- CPU_ReadMem(32 bytes @ 0xE000EFD0) -- Data:  04 00 00 00 00 00 00 00 00 00 00 00 00 00 00 00 ...  returns 0x00 (0002ms, 108994ms total)
T2768 4078:138 JLINK_ReadMemU32(0xE00FF004, 0x0001 Items, ...) -- CPU is running -- CPU_ReadMem(4 bytes @ 0xE00FF004) -- Data:  03 20 F0 FF  returns 0x01 (0001ms, 108995ms total)
T2768 4078:139 JLINK_ReadMem (0xE0001FF0, 0x0010 Bytes, ...) -- CPU is running -- CPU_ReadMem(16 bytes @ 0xE0001FF0) -- Data:  0D 00 00 00 E0 00 00 00 05 00 00 00 B1 00 00 00  returns 0x00 (0002ms, 108997ms total)
T2768 4078:141 JLINK_ReadMem (0xE0001FD0, 0x0020 Bytes, ...) -- CPU is running -- CPU_ReadMem(32 bytes @ 0xE0001FD0) -- Data:  04 00 00 00 00 00 00 00 00 00 00 00 00 00 00 00 ...  returns 0x00 (0002ms, 108999ms total)
T2768 4078:143 JLINK_ReadMemU32(0xE00FF008, 0x0001 Items, ...) -- CPU is running -- CPU_ReadMem(4 bytes @ 0xE00FF008) -- Data:  03 30 F0 FF  returns 0x01 (0001ms, 109000ms total)
T2768 4078:144 JLINK_ReadMem (0xE0002FF0, 0x0010 Bytes, ...) -- CPU is running -- CPU_ReadMem(16 bytes @ 0xE0002FF0) -- Data:  0D 00 00 00 E0 00 00 00 05 00 00 00 B1 00 00 00  returns 0x00 (0001ms, 109001ms total)
T2768 4078:145 JLINK_ReadMem (0xE0002FD0, 0x0020 Bytes, ...) -- CPU is running -- CPU_ReadMem(32 bytes @ 0xE0002FD0) -- Data:  04 00 00 00 00 00 00 00 00 00 00 00 00 00 00 00 ...  returns 0x00 (0002ms, 109003ms total)
T2768 4078:147 JLINK_ReadMemU32(0xE00FF00C, 0x0001 Items, ...) -- CPU is running -- CPU_ReadMem(4 bytes @ 0xE00FF00C) -- Data:  03 10 F0 FF  returns 0x01 (0001ms, 109004ms total)
T2768 4078:148 JLINK_ReadMem (0xE0000FF0, 0x0010 Bytes, ...) -- CPU is running -- CPU_ReadMem(16 bytes @ 0xE0000FF0) -- Data:  0D 00 00 00 E0 00 00 00 05 00 00 00 B1 00 00 00  returns 0x00 (0002ms, 109006ms total)
T2768 4078:150 JLINK_ReadMem (0xE0000FD0, 0x0020 Bytes, ...) -- CPU is running -- CPU_ReadMem(32 bytes @ 0xE0000FD0) -- Data:  04 00 00 00 00 00 00 00 00 00 00 00 00 00 00 00 ...  returns 0x00 (0001ms, 109007ms total)
T2768 4078:151 JLINK_ReadMemU32(0xE00FF010, 0x0001 Items, ...) -- CPU is running -- CPU_ReadMem(4 bytes @ 0xE00FF010) -- Data:  03 10 F4 FF  returns 0x01 (0002ms, 109009ms total)
T2768 4078:153 JLINK_ReadMem (0xE0040FF0, 0x0010 Bytes, ...) -- CPU is running -- CPU_ReadMem(16 bytes @ 0xE0040FF0) -- Data:  0D 00 00 00 90 00 00 00 05 00 00 00 B1 00 00 00  returns 0x00 (0001ms, 109010ms total)
T2768 4078:154 JLINK_ReadMem (0xE0040FD0, 0x0020 Bytes, ...) -- CPU is running -- CPU_ReadMem(32 bytes @ 0xE0040FD0) -- Data:  04 00 00 00 00 00 00 00 00 00 00 00 00 00 00 00 ...  returns 0x00 (0002ms, 109012ms total)
T2768 4078:156 JLINK_ReadMemU32(0xE00FF014, 0x0001 Items, ...) -- CPU is running -- CPU_ReadMem(4 bytes @ 0xE00FF014) -- Data:  02 20 F4 FF  returns 0x01 (0001ms, 109013ms total)
T2768 4078:157 JLINK_ReadMemU32(0xE00FF018, 0x0001 Items, ...) -- CPU is running -- CPU_ReadMem(4 bytes @ 0xE00FF018) -- Data:  00 00 00 00  returns 0x01 (0001ms, 109014ms total)
T2768 4078:158 JLINK_ReadMem (0xE0001000, 0x0004 Bytes, ...) -- CPU is running -- CPU_ReadMem(4 bytes @ 0xE0001000) -- Data:  01 00 00 40  returns 0x00 (0001ms, 109015ms total)
T2768 4078:159 JLINK_ReadMem (0xE0001000, 0x0004 Bytes, ...) -- CPU is running -- CPU_ReadMem(4 bytes @ 0xE0001000) -- Data:  01 00 00 40  returns 0x00 (0002ms, 109017ms total)
T2768 4078:161 JLINK_ReadMem (0xE0001028, 0x0004 Bytes, ...) -- CPU is running -- CPU_ReadMem(4 bytes @ 0xE0001028) -- Data:  00 00 00 00  returns 0x00 (0001ms, 109018ms total)
T2768 4078:162 JLINK_WriteMem(0xE0001028, 0x0004 Bytes, ...) -- Data:  00 01 00 00 -- CPU is running -- CPU_WriteMem(4 bytes @ 0xE0001028)  returns 0x04 (0001ms, 109019ms total)
T2768 4078:163 JLINK_ReadMem (0xE0001028, 0x0004 Bytes, ...) -- CPU is running -- CPU_ReadMem(4 bytes @ 0xE0001028) -- Data:  00 00 00 00  returns 0x00 (0001ms, 109020ms total)
T2768 4078:165 JLINK_ReadMem (0xE0001038, 0x0004 Bytes, ...) -- CPU is running -- CPU_ReadMem(4 bytes @ 0xE0001038) -- Data:  00 02 00 00  returns 0x00 (0001ms, 109022ms total)
T2768 4078:166 JLINK_WriteMem(0xE0001038, 0x0004 Bytes, ...) -- Data:  00 03 00 00 -- CPU is running -- CPU_WriteMem(4 bytes @ 0xE0001038)  returns 0x04 (0001ms, 109023ms total)
T2768 4078:167 JLINK_ReadMem (0xE0001038, 0x0004 Bytes, ...) -- CPU is running -- CPU_ReadMem(4 bytes @ 0xE0001038) -- Data:  00 03 00 00  returns 0x00 (0001ms, 109024ms total)
T2768 4078:168 JLINK_ReadMem (0xE0001048, 0x0004 Bytes, ...) -- CPU is running -- CPU_ReadMem(4 bytes @ 0xE0001048) -- Data:  00 00 00 00  returns 0x00 (0002ms, 109026ms total)
T2768 4078:170 JLINK_WriteMem(0xE0001048, 0x0004 Bytes, ...) -- Data:  00 01 00 00 -- CPU is running -- CPU_WriteMem(4 bytes @ 0xE0001048)  returns 0x04 (0001ms, 109027ms total)
T2768 4078:171 JLINK_ReadMem (0xE0001048, 0x0004 Bytes, ...) -- CPU is running -- CPU_ReadMem(4 bytes @ 0xE0001048) -- Data:  00 00 00 00  returns 0x00 (0001ms, 109028ms total)
T2768 4078:172 JLINK_ReadMem (0xE0001058, 0x0004 Bytes, ...) -- CPU is running -- CPU_ReadMem(4 bytes @ 0xE0001058) -- Data:  00 00 00 00  returns 0x00 (0001ms, 109029ms total)
T2768 4078:173 JLINK_WriteMem(0xE0001058, 0x0004 Bytes, ...) -- Data:  00 01 00 00 -- CPU is running -- CPU_WriteMem(4 bytes @ 0xE0001058)  returns 0x04 (0001ms, 109030ms total)
T2768 4078:174 JLINK_ReadMem (0xE0001058, 0x0004 Bytes, ...) -- CPU is running -- CPU_ReadMem(4 bytes @ 0xE0001058) -- Data:  00 00 00 00  returns 0x00 (0002ms, 109032ms total)
T2768 4078:176 JLINK_ReadMem (0xE0001024, 0x0004 Bytes, ...) -- CPU is running -- CPU_ReadMem(4 bytes @ 0xE0001024) -- Data:  00 00 00 00  returns 0x00 (0001ms, 109033ms total)
T2768 4078:177 JLINK_WriteMem(0xE0001024, 0x0004 Bytes, ...) -- Data:  1F 00 00 00 -- CPU is running -- CPU_WriteMem(4 bytes @ 0xE0001024)  returns 0x04 (0001ms, 109034ms total)
T2768 4078:178 JLINK_ReadMem (0xE0001024, 0x0004 Bytes, ...) -- CPU is running -- CPU_ReadMem(4 bytes @ 0xE0001024) -- Data:  0F 00 00 00  returns 0x00 (0001ms, 109035ms total)
T2768 4078:179 JLINK_ReadMem (0xE0001034, 0x0004 Bytes, ...) -- CPU is running -- CPU_ReadMem(4 bytes @ 0xE0001034) -- Data:  00 00 00 00  returns 0x00 (0002ms, 109037ms total)
T2768 4078:181 JLINK_WriteMem(0xE0001034, 0x0004 Bytes, ...) -- Data:  1F 00 00 00 -- CPU is running -- CPU_WriteMem(4 bytes @ 0xE0001034)  returns 0x04 (0001ms, 109038ms total)
T2768 4078:182 JLINK_ReadMem (0xE0001034, 0x0004 Bytes, ...) -- CPU is running -- CPU_ReadMem(4 bytes @ 0xE0001034) -- Data:  0F 00 00 00  returns 0x00 (0001ms, 109039ms total)
T2768 4078:183 JLINK_ReadMem (0xE0001044, 0x0004 Bytes, ...) -- CPU is running -- CPU_ReadMem(4 bytes @ 0xE0001044) -- Data:  00 00 00 00  returns 0x00 (0001ms, 109040ms total)
T2768 4078:184 JLINK_WriteMem(0xE0001044, 0x0004 Bytes, ...) -- Data:  1F 00 00 00 -- CPU is running -- CPU_WriteMem(4 bytes @ 0xE0001044)  returns 0x04 (0001ms, 109041ms total)
T2768 4078:186 JLINK_ReadMem (0xE0001044, 0x0004 Bytes, ...) -- CPU is running -- CPU_ReadMem(4 bytes @ 0xE0001044) -- Data:  0F 00 00 00  returns 0x00 (0001ms, 109043ms total)
T2768 4078:187 JLINK_ReadMem (0xE0001054, 0x0004 Bytes, ...) -- CPU is running -- CPU_ReadMem(4 bytes @ 0xE0001054) -- Data:  00 00 00 00  returns 0x00 (0001ms, 109044ms total)
T2768 4078:188 JLINK_WriteMem(0xE0001054, 0x0004 Bytes, ...) -- Data:  1F 00 00 00 -- CPU is running -- CPU_WriteMem(4 bytes @ 0xE0001054)  returns 0x04 (0001ms, 109045ms total)
T2768 4078:189 JLINK_ReadMem (0xE0001054, 0x0004 Bytes, ...) -- CPU is running -- CPU_ReadMem(4 bytes @ 0xE0001054) -- Data:  0F 00 00 00  returns 0x00 (0002ms, 109047ms total)
T2768 4078:191 JLINK_ReadMem (0xE0001028, 0x0004 Bytes, ...) -- CPU is running -- CPU_ReadMem(4 bytes @ 0xE0001028) -- Data:  00 00 00 00  returns 0x00 (0001ms, 109048ms total)
T2768 4078:192 JLINK_ReadMem (0xE0001038, 0x0004 Bytes, ...) -- CPU is running -- CPU_ReadMem(4 bytes @ 0xE0001038) -- Data:  00 03 00 00  returns 0x00 (0001ms, 109049ms total)
T2768 4078:193 JLINK_ReadMem (0xE0001048, 0x0004 Bytes, ...) -- CPU is running -- CPU_ReadMem(4 bytes @ 0xE0001048) -- Data:  00 00 00 00  returns 0x00 (0001ms, 109050ms total)
T2768 4078:194 JLINK_ReadMem (0xE0001058, 0x0004 Bytes, ...) -- CPU is running -- CPU_ReadMem(4 bytes @ 0xE0001058) -- Data:  00 00 00 00  returns 0x00 (0002ms, 109052ms total)
T2768 4078:196 JLINK_WriteMem(0xE0001020, 0x0004 Bytes, ...) -- Data:  00 00 00 00 -- CPU is running -- CPU_WriteMem(4 bytes @ 0xE0001020)  returns 0x04 (0001ms, 109053ms total)
T2768 4078:197 JLINK_WriteMem(0xE0001024, 0x0004 Bytes, ...) -- Data:  00 00 00 00 -- CPU is running -- CPU_WriteMem(4 bytes @ 0xE0001024)  returns 0x04 (0001ms, 109054ms total)
T2768 4078:198 JLINK_WriteMem(0xE0001028, 0x0004 Bytes, ...) -- Data:  00 00 00 00 -- CPU is running -- CPU_WriteMem(4 bytes @ 0xE0001028)  returns 0x04 (0001ms, 109055ms total)
T2768 4078:199 JLINK_WriteMem(0xE0001030, 0x0004 Bytes, ...) -- Data:  00 00 00 00 -- CPU is running -- CPU_WriteMem(4 bytes @ 0xE0001030)  returns 0x04 (0000ms, 109055ms total)
T2768 4078:199 JLINK_WriteMem(0xE0001034, 0x0004 Bytes, ...) -- Data:  00 00 00 00 -- CPU is running -- CPU_WriteMem(4 bytes @ 0xE0001034)  returns 0x04 (0002ms, 109057ms total)
T2768 4078:201 JLINK_WriteMem(0xE0001038, 0x0004 Bytes, ...) -- Data:  00 00 00 00 -- CPU is running -- CPU_WriteMem(4 bytes @ 0xE0001038)  returns 0x04 (0001ms, 109058ms total)
T2768 4078:202 JLINK_WriteMem(0xE0001040, 0x0004 Bytes, ...) -- Data:  00 00 00 00 -- CPU is running -- CPU_WriteMem(4 bytes @ 0xE0001040)  returns 0x04 (0002ms, 109060ms total)
T2768 4078:204 JLINK_WriteMem(0xE0001044, 0x0004 Bytes, ...) -- Data:  00 00 00 00 -- CPU is running -- CPU_WriteMem(4 bytes @ 0xE0001044)  returns 0x04 (0001ms, 109061ms total)
T2768 4078:205 JLINK_WriteMem(0xE0001048, 0x0004 Bytes, ...) -- Data:  00 00 00 00 -- CPU is running -- CPU_WriteMem(4 bytes @ 0xE0001048)  returns 0x04 (0001ms, 109062ms total)
T2768 4078:206 JLINK_WriteMem(0xE0001050, 0x0004 Bytes, ...) -- Data:  00 00 00 00 -- CPU is running -- CPU_WriteMem(4 bytes @ 0xE0001050)  returns 0x04 (0001ms, 109063ms total)
T2768 4078:207 JLINK_WriteMem(0xE0001054, 0x0004 Bytes, ...) -- Data:  00 00 00 00 -- CPU is running -- CPU_WriteMem(4 bytes @ 0xE0001054)  returns 0x04 (0001ms, 109064ms total)
T2768 4078:208 JLINK_WriteMem(0xE0001058, 0x0004 Bytes, ...) -- Data:  00 00 00 00 -- CPU is running -- CPU_WriteMem(4 bytes @ 0xE0001058)  returns 0x04 (0001ms, 109065ms total)
T2768 4078:209 JLINK_Halt()  returns 0x00 (0008ms, 109073ms total)
T2768 4078:217 JLINK_WriteMem(0x400E0A04, 0x0004 Bytes, ...) -- Data:  0B 01 00 5A -- CPU_WriteMem(4 bytes @ 0x400E0A04)  returns 0x04 (0002ms, 109075ms total)
T2768 4078:219 JLINK_ReadMem (0x400E0A08, 0x0004 Bytes, ...) -- CPU_ReadMem(4 bytes @ 0x400E0A08) -- Data:  01 00 00 00  returns 0x00 (0001ms, 109076ms total)
T2768 4078:220 JLINK_Reset() -- CPU_ReadMem(16 bytes @ 0x20000000) -- CPU_WriteMem(16 bytes @ 0x20000000) -- CPU_ReadMem(4 bytes @ 0xE000EDFC) -- CPU_WriteMem(4 bytes @ 0xE000EDFC) -- CPU_WriteMem(4 bytes @ 0xE000ED0C) -- CPU_ReadMem(4 bytes @ 0xE000EDF0) -- CPU_ReadMem(4 bytes @ 0xE000EDF0) -- CPU_WriteMem(4 bytes @ 0xE000EDFC) -- CPU_WriteMem(16 bytes @ 0x20000000) -- CPU_WriteMem(4 bytes @ 0xE0002000) -- CPU_ReadMem(4 bytes @ 0xE000EDFC) -- CPU_ReadMem(4 bytes @ 0xE0001000) (0040ms, 109116ms total)
T2768 4078:260 JLINK_JTAG_GetDeviceID(DeviceIndex = 0)  returns 0x4BA00477 (0001ms, 109117ms total)
T2768 4078:261 JLINK_ReadMemU32(0x400E0740, 0x0001 Items, ...) -- CPU_ReadMem(4 bytes @ 0x400E0740) -- Data:  60 09 54 29  returns 0x01 (0001ms, 109118ms total)
T2768 4078:262 JLINK_WriteMem(0x400E0A04, 0x0004 Bytes, ...) -- Data:  09 00 00 5A -- CPU_WriteMem(4 bytes @ 0x400E0A04)  returns 0x04 (0001ms, 109119ms total)
T2768 4078:263 JLINK_ReadMem (0x400E0A08, 0x0004 Bytes, ...) -- CPU_ReadMem(4 bytes @ 0x400E0A08) -- Data:  01 00 00 00  returns 0x00 (0001ms, 109120ms total)
T2768 4078:264 JLINK_WriteMem(0x400E0A04, 0x0004 Bytes, ...) -- Data:  09 40 00 5A -- CPU_WriteMem(4 bytes @ 0x400E0A04)  returns 0x04 (0001ms, 109121ms total)
T2768 4078:265 JLINK_ReadMem (0x400E0A08, 0x0004 Bytes, ...) -- CPU_ReadMem(4 bytes @ 0x400E0A08) -- Data:  01 00 00 00  returns 0x00 (0002ms, 109123ms total)
T2768 4078:267 JLINK_WriteMem(0x400E0A04, 0x0004 Bytes, ...) -- Data:  09 80 00 5A -- CPU_WriteMem(4 bytes @ 0x400E0A04)  returns 0x04 (0001ms, 109124ms total)
T2768 4078:268 JLINK_ReadMem (0x400E0A08, 0x0004 Bytes, ...) -- CPU_ReadMem(4 bytes @ 0x400E0A08) -- Data:  01 00 00 00  returns 0x00 (0001ms, 109125ms total)
T2768 4078:269 JLINK_WriteMem(0x400E0A04, 0x0004 Bytes, ...) -- Data:  09 C0 00 5A -- CPU_WriteMem(4 bytes @ 0x400E0A04)  returns 0x04 (0001ms, 109126ms total)
T2768 4078:270 JLINK_ReadMem (0x400E0A08, 0x0004 Bytes, ...) -- CPU_ReadMem(4 bytes @ 0x400E0A08) -- Data:  01 00 00 00  returns 0x00 (0001ms, 109127ms total)
T2768 4078:271 JLINK_WriteMem(0x400E0A04, 0x0004 Bytes, ...) -- Data:  09 00 01 5A -- CPU_WriteMem(4 bytes @ 0x400E0A04)  returns 0x04 (0001ms, 109128ms total)
T2768 4078:272 JLINK_ReadMem (0x400E0A08, 0x0004 Bytes, ...) -- CPU_ReadMem(4 bytes @ 0x400E0A08) -- Data:  01 00 00 00  returns 0x00 (0002ms, 109130ms total)
T2768 4078:274 JLINK_WriteMem(0x400E0A04, 0x0004 Bytes, ...) -- Data:  09 40 01 5A -- CPU_WriteMem(4 bytes @ 0x400E0A04)  returns 0x04 (0001ms, 109131ms total)
T2768 4078:275 JLINK_ReadMem (0x400E0A08, 0x0004 Bytes, ...) -- CPU_ReadMem(4 bytes @ 0x400E0A08) -- Data:  01 00 00 00  returns 0x00 (0001ms, 109132ms total)
T2768 4078:276 JLINK_WriteMem(0x400E0A04, 0x0004 Bytes, ...) -- Data:  09 80 01 5A -- CPU_WriteMem(4 bytes @ 0x400E0A04)  returns 0x04 (0001ms, 109133ms total)
T2768 4078:277 JLINK_ReadMem (0x400E0A08, 0x0004 Bytes, ...) -- CPU_ReadMem(4 bytes @ 0x400E0A08) -- Data:  01 00 00 00  returns 0x00 (0001ms, 109134ms total)
T2768 4078:278 JLINK_WriteMem(0x400E0A04, 0x0004 Bytes, ...) -- Data:  09 C0 01 5A -- CPU_WriteMem(4 bytes @ 0x400E0A04)  returns 0x04 (0001ms, 109135ms total)
T2768 4078:279 JLINK_ReadMem (0x400E0A08, 0x0004 Bytes, ...) -- CPU_ReadMem(4 bytes @ 0x400E0A08) -- Data:  01 00 00 00  returns 0x00 (0001ms, 109136ms total)
T2768 4078:280 JLINK_WriteMem(0x400E0A04, 0x0004 Bytes, ...) -- Data:  09 00 02 5A -- CPU_WriteMem(4 bytes @ 0x400E0A04)  returns 0x04 (0001ms, 109137ms total)
T2768 4078:281 JLINK_ReadMem (0x400E0A08, 0x0004 Bytes, ...) -- CPU_ReadMem(4 bytes @ 0x400E0A08) -- Data:  01 00 00 00  returns 0x00 (0002ms, 109139ms total)
T2768 4078:283 JLINK_WriteMem(0x400E0A04, 0x0004 Bytes, ...) -- Data:  09 40 02 5A -- CPU_WriteMem(4 bytes @ 0x400E0A04)  returns 0x04 (0001ms, 109140ms total)
T2768 4078:284 JLINK_ReadMem (0x400E0A08, 0x0004 Bytes, ...) -- CPU_ReadMem(4 bytes @ 0x400E0A08) -- Data:  01 00 00 00  returns 0x00 (0001ms, 109141ms total)
T2768 4078:285 JLINK_WriteMem(0x400E0A04, 0x0004 Bytes, ...) -- Data:  09 80 02 5A -- CPU_WriteMem(4 bytes @ 0x400E0A04)  returns 0x04 (0001ms, 109142ms total)
T2768 4078:286 JLINK_ReadMem (0x400E0A08, 0x0004 Bytes, ...) -- CPU_ReadMem(4 bytes @ 0x400E0A08) -- Data:  01 00 00 00  returns 0x00 (0001ms, 109143ms total)
T2768 4078:287 JLINK_WriteMem(0x400E0A04, 0x0004 Bytes, ...) -- Data:  09 C0 02 5A -- CPU_WriteMem(4 bytes @ 0x400E0A04)  returns 0x04 (0001ms, 109144ms total)
T2768 4078:288 JLINK_ReadMem (0x400E0A08, 0x0004 Bytes, ...) -- CPU_ReadMem(4 bytes @ 0x400E0A08) -- Data:  01 00 00 00  returns 0x00 (0001ms, 109145ms total)
T2768 4078:289 JLINK_WriteMem(0x400E0A04, 0x0004 Bytes, ...) -- Data:  09 00 03 5A -- CPU_WriteMem(4 bytes @ 0x400E0A04)  returns 0x04 (0000ms, 109145ms total)
T2768 4078:291 JLINK_ReadMem (0x400E0A08, 0x0004 Bytes, ...) -- CPU_ReadMem(4 bytes @ 0x400E0A08) -- Data:  01 00 00 00  returns 0x00 (0001ms, 109148ms total)
T2768 4078:292 JLINK_WriteMem(0x400E0A04, 0x0004 Bytes, ...) -- Data:  09 40 03 5A -- CPU_WriteMem(4 bytes @ 0x400E0A04)  returns 0x04 (0001ms, 109149ms total)
T2768 4078:293 JLINK_ReadMem (0x400E0A08, 0x0004 Bytes, ...) -- CPU_ReadMem(4 bytes @ 0x400E0A08) -- Data:  01 00 00 00  returns 0x00 (0001ms, 109150ms total)
T2768 4078:294 JLINK_WriteMem(0x400E0A04, 0x0004 Bytes, ...) -- Data:  09 80 03 5A -- CPU_WriteMem(4 bytes @ 0x400E0A04)  returns 0x04 (0001ms, 109151ms total)
T2768 4078:295 JLINK_ReadMem (0x400E0A08, 0x0004 Bytes, ...) -- CPU_ReadMem(4 bytes @ 0x400E0A08) -- Data:  01 00 00 00  returns 0x00 (0001ms, 109152ms total)
T2768 4078:296 JLINK_WriteMem(0x400E0A04, 0x0004 Bytes, ...) -- Data:  09 C0 03 5A -- CPU_WriteMem(4 bytes @ 0x400E0A04)  returns 0x04 (0001ms, 109153ms total)
T2768 4078:297 JLINK_ReadMem (0x400E0A08, 0x0004 Bytes, ...) -- CPU_ReadMem(4 bytes @ 0x400E0A08) -- Data:  01 00 00 00  returns 0x00 (0001ms, 109154ms total)
T2768 4078:298 JLINK_WriteMem(0x400E0A04, 0x0004 Bytes, ...) -- Data:  05 00 00 5A -- CPU_WriteMem(4 bytes @ 0x400E0A04)  returns 0x04 (0001ms, 109155ms total)
T2768 4078:299 JLINK_ReadMem (0x400E0A08, 0x0004 Bytes, ...) -- CPU_ReadMem(4 bytes @ 0x400E0A08) -- Data:  00 00 00 00  returns 0x00 (0002ms, 109157ms total)
T2768 4078:302 JLINK_ReadMem (0x400E0A08, 0x0004 Bytes, ...) -- CPU_ReadMem(4 bytes @ 0x400E0A08) -- Data:  00 00 00 00  returns 0x00 (0001ms, 109158ms total)
T2768 4078:308 JLINK_ReadMem (0x400E0A08, 0x0004 Bytes, ...) -- CPU_ReadMem(4 bytes @ 0x400E0A08) -- Data:  01 00 00 00  returns 0x00 (0001ms, 109159ms total)
T2768 4078:309 JLINK_ResetPullsRESET(ON) (0000ms, 109159ms total)
T2768 4078:309 JLINK_ResetNoHalt() >0x2F8 JTAG>TotalIRLen = 4, IRPrint = 0x01 >0x30 JTAG> >0x210 JTAG> >0x70 JTAG> >0x40 JTAG> >0x40 JTAG> >0x40 JTAG> >0x48 JTAG> >0x78 JTAG> >0x40 JTAG> >0x30 JTAG> >0x40 JTAG> >0x40 JTAG> >0x30 JTAG> >0x40 JTAG> >0x48 JTAG>Found Cortex-M3 r2p0, Little endian. -- CPU_WriteMem(4 bytes @ 0xE0002000) -- CPU_ReadMem(4 bytes @ 0xE000EDF0) -- CPU_ReadMem(4 bytes @ 0xE0002000)FPUnit: 6 code (BP) slots and 2 literal slots -- CPU_ReadMem(4 bytes @ 0xE000EDFC)
 -- CPU_ReadMem(4 bytes @ 0xE0001000) -- CPU_ReadMem(4 bytes @ 0xE00FF010)TPIU fitted. -- CPU_ReadMem(4 bytes @ 0xE00FF014) -- CPU_ReadMem(4 bytes @ 0xE00FF018)
                JLINK_Reset() -- CPU_ReadMem(16 bytes @ 0x20000000) -- CPU_WriteMem(16 bytes @ 0x20000000) -- CPU_ReadMem(4 bytes @ 0xE000EDFC) -- CPU_WriteMem(4 bytes @ 0xE000EDFC) -- CPU_WriteMem(4 bytes @ 0xE0001004) -- CPU_WriteMem(4 bytes @ 0xE000ED0C) -- CPU_ReadMem(4 bytes @ 0xE000EDF0) -- CPU_ReadMem(4 bytes @ 0xE000EDF0) -- CPU_WriteMem(4 bytes @ 0xE000EDFC) -- CPU_WriteMem(16 bytes @ 0x20000000) -- CPU_WriteMem(4 bytes @ 0xE0002000) -- CPU_ReadMem(4 bytes @ 0xE000EDFC)
 -- CPU_ReadMem(4 bytes @ 0xE0001000) (0039ms, 0039ms total)
                JLINK_Go() -- CPU_WriteMem(4 bytes @ 0xE0001004) (0002ms, 0041ms total)
               (0060ms, 109219ms total)
T2768 4078:369 JLINK_ExecCommand("ProjectFile = C:\Users\Caio\Documents\GitHub\Cubli_2016\FreeRTOS\IMU_FreeRTOS\IMU_FreeRTOS\jlink.config", ...)  returns 0x00 (0001ms, 109220ms total)
T2768 4078:407 JLINK_ExecCommand("Device = AT91SAM3N4C", ...)Device "ATSAM3N4C" selected (256 KB flash, 24 KB RAM).  returns 0x00 (0000ms, 109221ms total)
T2768 4078:408 JLINK_TIF_Select(JLINKARM_TIF_JTAG)  returns 0x00 (0001ms, 109222ms total)
T2768 4078:409 JLINK_GetIdData(...) ScanLen=4 NumDevices=1 aId[0]=0x4BA00477 aIrRead[0]=0 aScanLen[0]=0 aScanRead[0]=0 (0000ms, 109222ms total)
T2768 4078:409 JLINK_ConfigJTAG(IRPre = 0, DRPre = 0) (0000ms, 109222ms total)
T2768 4078:410 JLINK_SetSpeed(1000) (0000ms, 109223ms total)
T2768 4078:410 JLINK_ResetPullsRESET(OFF) (0000ms, 109223ms total)
T2768 4078:410 JLINK_Connect() >0x2F8 JTAG>TotalIRLen = 4, IRPrint = 0x01 >0x30 JTAG> >0x210 JTAG> >0x70 JTAG> >0x40 JTAG> >0x40 JTAG> >0x40 JTAG> >0x48 JTAG> >0x78 JTAG> >0x40 JTAG> >0x30 JTAG> >0x40 JTAG> >0x40 JTAG> >0x30 JTAG> >0x40 JTAG> >0x48 JTAG>Found Cortex-M3 r2p0, Little endian. -- CPU_WriteMem(4 bytes @ 0xE0002000) -- CPU_ReadMem(4 bytes @ 0xE000EDF0) -- CPU_ReadMem(4 bytes @ 0xE0002000)FPUnit: 6 code (BP) slots and 2 literal slots -- CPU_ReadMem(4 bytes @ 0xE000EDFC)
 -- CPU_ReadMem(4 bytes @ 0xE0001000) -- CPU_WriteMem(4 bytes @ 0xE0001000) -- CPU_ReadMem(4 bytes @ 0xE00FF010)TPIU fitted. -- CPU_ReadMem(4 bytes @ 0xE00FF014) -- CPU_ReadMem(4 bytes @ 0xE00FF018)  returns 0x00 (0020ms, 109243ms total)
T2768 4078:430 JLINK_WriteMem(0xE0001020, 0x0004 Bytes, ...) -- Data:  00 00 00 00 -- CPU is running -- CPU_WriteMem(4 bytes @ 0xE0001020)  returns 0x04 (0001ms, 109244ms total)
T2768 4078:431 JLINK_WriteMem(0xE0001024, 0x0004 Bytes, ...) -- Data:  00 00 00 00 -- CPU is running -- CPU_WriteMem(4 bytes @ 0xE0001024)  returns 0x04 (0001ms, 109245ms total)
T2768 4078:432 JLINK_WriteMem(0xE0001028, 0x0004 Bytes, ...) -- Data:  00 00 00 00 -- CPU is running -- CPU_WriteMem(4 bytes @ 0xE0001028)  returns 0x04 (0002ms, 109247ms total)
T2768 4078:434 JLINK_WriteMem(0xE0001030, 0x0004 Bytes, ...) -- Data:  00 00 00 00 -- CPU is running -- CPU_WriteMem(4 bytes @ 0xE0001030)  returns 0x04 (0001ms, 109248ms total)
T2768 4078:435 JLINK_WriteMem(0xE0001034, 0x0004 Bytes, ...) -- Data:  00 00 00 00 -- CPU is running -- CPU_WriteMem(4 bytes @ 0xE0001034)  returns 0x04 (0001ms, 109249ms total)
T2768 4078:436 JLINK_WriteMem(0xE0001038, 0x0004 Bytes, ...) -- Data:  00 00 00 00 -- CPU is running -- CPU_WriteMem(4 bytes @ 0xE0001038)  returns 0x04 (0001ms, 109250ms total)
T2768 4078:437 JLINK_WriteMem(0xE0001040, 0x0004 Bytes, ...) -- Data:  00 00 00 00 -- CPU is running -- CPU_WriteMem(4 bytes @ 0xE0001040)  returns 0x04 (0001ms, 109251ms total)
T2768 4078:438 JLINK_WriteMem(0xE0001044, 0x0004 Bytes, ...) -- Data:  00 00 00 00 -- CPU is running -- CPU_WriteMem(4 bytes @ 0xE0001044)  returns 0x04 (0001ms, 109252ms total)
T2768 4078:439 JLINK_WriteMem(0xE0001048, 0x0004 Bytes, ...) -- Data:  00 00 00 00 -- CPU is running -- CPU_WriteMem(4 bytes @ 0xE0001048)  returns 0x04 (0001ms, 109253ms total)
T2768 4078:440 JLINK_WriteMem(0xE0001050, 0x0004 Bytes, ...) -- Data:  00 00 00 00 -- CPU is running -- CPU_WriteMem(4 bytes @ 0xE0001050)  returns 0x04 (0001ms, 109254ms total)
T2768 4078:441 JLINK_WriteMem(0xE0001054, 0x0004 Bytes, ...) -- Data:  00 00 00 00 -- CPU is running -- CPU_WriteMem(4 bytes @ 0xE0001054)  returns 0x04 (0001ms, 109255ms total)
T2768 4078:442 JLINK_WriteMem(0xE0001058, 0x0004 Bytes, ...) -- Data:  00 00 00 00 -- CPU is running -- CPU_WriteMem(4 bytes @ 0xE0001058)  returns 0x04 (0001ms, 109256ms total)
T2768 4078:443 JLINK_Halt()  returns 0x00 (0008ms, 109264ms total)
T2768 4078:452 JLINK_WriteMem(0x400E0A04, 0x0004 Bytes, ...) -- Data:  0B 01 00 5A -- CPU_WriteMem(4 bytes @ 0x400E0A04)  returns 0x04 (0001ms, 109265ms total)
T2768 4078:453 JLINK_ReadMem (0x400E0A08, 0x0004 Bytes, ...) -- CPU_ReadMem(4 bytes @ 0x400E0A08) -- Data:  01 00 00 00  returns 0x00 (0001ms, 109266ms total)
T2768 4078:454 JLINK_Reset() -- CPU_ReadMem(16 bytes @ 0x20000000) -- CPU_WriteMem(16 bytes @ 0x20000000) -- CPU_ReadMem(4 bytes @ 0xE000EDFC) -- CPU_WriteMem(4 bytes @ 0xE000EDFC) -- CPU_WriteMem(4 bytes @ 0xE000ED0C) -- CPU_ReadMem(4 bytes @ 0xE000EDF0) -- CPU_ReadMem(4 bytes @ 0xE000EDF0) -- CPU_WriteMem(4 bytes @ 0xE000EDFC) -- CPU_WriteMem(16 bytes @ 0x20000000) -- CPU_WriteMem(4 bytes @ 0xE0002000) -- CPU_ReadMem(4 bytes @ 0xE000EDFC) -- CPU_ReadMem(4 bytes @ 0xE0001000) (0039ms, 109305ms total)
T2768 4078:493 JLINK_JTAG_GetDeviceID(DeviceIndex = 0)  returns 0x4BA00477 (0001ms, 109306ms total)
T2768 4078:494 JLINK_ReadMemU32(0x400E0740, 0x0001 Items, ...) -- CPU_ReadMem(4 bytes @ 0x400E0740) -- Data:  60 09 54 29  returns 0x01 (0001ms, 109307ms total)
T2768 4078:499 JLINK_ReadMemHW(0x00413D00, 0x0100 Bytes, ...) -- CPU_ReadMem(256 bytes @ 0x00413D00) -- Data:  FF FF FF FF FF FF FF FF FF FF FF FF FF FF FF FF ...  returns 0x00 (0005ms, 109312ms total)
T2768 4078:504 JLINK_ReadMemHW(0x00414700, 0x0100 Bytes, ...) -- CPU_ReadMem(256 bytes @ 0x00414700) -- Data:  FF FF FF FF FF FF FF FF FF FF FF FF FF FF FF FF ...  returns 0x00 (0004ms, 109316ms total)
T2768 4078:543 JLINK_BeginDownload(Flags = 0x00) (0001ms, 109317ms total)
T2768 4078:544 JLINK_WriteMem(0x00400000, 0x0100 Bytes, ...) -- Data:  78 48 00 20 1D 58 40 00 15 58 40 00 15 58 40 00 ...  returns 0x100 (0000ms, 109317ms total)
T2768 4078:544 JLINK_WriteMem(0x00400100, 0x0100 Bytes, ...) -- Data:  98 47 08 BD 00 00 00 00 E8 3D 41 00 FC 09 00 20 ...  returns 0x100 (0001ms, 109318ms total)
T2768 4078:545 JLINK_WriteMem(0x00400200, 0x0100 Bytes, ...) -- Data:  80 B5 84 B0 00 AF 78 60 00 23 FB 60 1A E0 FA 68 ...  returns 0x100 (0000ms, 109318ms total)
T2768 4078:545 JLINK_WriteMem(0x00400300, 0x0100 Bytes, ...) -- Data:  00 AF 3B 1D 83 E8 07 00 02 48 03 4B 98 47 10 37 ...  returns 0x100 (0000ms, 109318ms total)
T2768 4078:546 JLINK_WriteMem(0x00400400, 0x0100 Bytes, ...) -- Data:  98 47 C7 E9 04 01 FB 68 D3 E9 00 45 7B 68 10 33 ...  returns 0x100 (0000ms, 109319ms total)
T2768 4078:546 JLINK_WriteMem(0x00400500, 0x0100 Bytes, ...) -- Data:  C1 E9 02 23 7B 68 D3 E9 10 23 09 49 C1 E9 06 23 ...  returns 0x100 (0000ms, 109319ms total)
T2768 4078:546 JLINK_WriteMem(0x00400600, 0x0100 Bytes, ...) -- Data:  C1 E9 00 23 54 4B D3 E9 02 45 4D 4B 78 68 98 47 ...  returns 0x100 (0001ms, 109320ms total)
T2768 4078:547 JLINK_WriteMem(0x00400700, 0x0100 Bytes, ...) -- Data:  10 46 19 46 12 4B D3 E9 00 23 12 4C A0 47 02 46 ...  returns 0x100 (0000ms, 109320ms total)
T2768 4078:547 JLINK_WriteMem(0x00400800, 0x0100 Bytes, ...) -- Data:  02 46 0B 46 11 49 C1 E9 04 23 10 4B D3 E9 06 45 ...  returns 0x100 (0000ms, 109320ms total)
T2768 4078:548 JLINK_WriteMem(0x00400900, 0x0100 Bytes, ...) -- Data:  F0 B5 85 B0 00 AF 78 60 4F F0 00 00 4F F0 00 01 ...  returns 0x100 (0000ms, 109321ms total)
T2768 4078:549 JLINK_WriteMem(0x00400A00, 0x0100 Bytes, ...) -- Data:  DB 00 3A 68 D6 18 BA 8A 34 4B 10 46 98 47 02 46 ...  returns 0x100 (0001ms, 109323ms total)
T2768 4078:550 JLINK_WriteMem(0x00400B00, 0x0100 Bytes, ...) -- Data:  4C 49 03 22 4C 4B 98 47 00 23 FB 60 00 23 3B 82 ...  returns 0x100 (0000ms, 109323ms total)
T2768 4078:551 JLINK_WriteMem(0x00400C00, 0x0100 Bytes, ...) -- Data:  53 F8 22 20 0F 4B 10 46 98 47 02 46 0B 46 DF F8 ...  returns 0x100 (0000ms, 109324ms total)
T2768 4078:551 JLINK_WriteMem(0x00400D00, 0x0100 Bytes, ...) -- Data:  00 BF FD E7 0C 4B 98 47 03 46 07 48 0B 49 1A 46 ...  returns 0x100 (0000ms, 109324ms total)
T2768 4078:551 JLINK_WriteMem(0x00400E00, 0x0100 Bytes, ...) -- Data:  09 4B 1A 68 07 F1 08 03 10 46 19 46 4F F0 FF 32 ...  returns 0x100 (0001ms, 109325ms total)
T2768 4078:552 JLINK_WriteMem(0x00400F00, 0x0100 Bytes, ...) -- Data:  01 D0 FB 7B 20 E0 FB 79 18 46 7F 21 2F 22 11 4B ...  returns 0x100 (0000ms, 109325ms total)
T2768 4078:552 JLINK_WriteMem(0x00401000, 0x0100 Bytes, ...) -- Data:  1A 60 04 33 00 22 1A 60 04 33 BB 79 3B 72 01 23 ...  returns 0x100 (0000ms, 109325ms total)
T2768 4078:552 JLINK_WriteMem(0x00401100, 0x0100 Bytes, ...) -- Data:  79 10 40 00 80 B5 00 AF 02 4B 98 47 03 46 5B 08 ...  returns 0x100 (0001ms, 109326ms total)
T2768 4078:553 JLINK_WriteMem(0x00401200, 0x0100 Bytes, ...) -- Data:  15 4B 9A 42 0D D1 00 BF 07 F1 0C 03 78 68 19 46 ...  returns 0x100 (0000ms, 109326ms total)
T2768 4078:553 JLINK_WriteMem(0x00401300, 0x0100 Bytes, ...) -- Data:  3B 1D 00 21 00 91 10 46 19 46 D7 F8 84 20 4F F0 ...  returns 0x100 (0001ms, 109327ms total)
T2768 4078:554 JLINK_WriteMem(0x00401400, 0x0100 Bytes, ...) -- Data:  F9 41 40 00 80 B5 00 AF 0D 4B B0 22 1A 60 0C 4B ...  returns 0x100 (0000ms, 109327ms total)
T2768 4078:554 JLINK_WriteMem(0x00401500, 0x0100 Bytes, ...) -- Data:  07 F1 48 01 DB 00 0B 44 10 46 19 46 4F F0 FF 32 ...  returns 0x100 (0001ms, 109328ms total)
T2768 4078:555 JLINK_WriteMem(0x00401600, 0x0100 Bytes, ...) -- Data:  1A 46 04 4B 98 47 38 E7 05 14 40 00 55 42 40 00 ...  returns 0x100 (0000ms, 109328ms total)
T2768 4078:555 JLINK_WriteMem(0x00401700, 0x0100 Bytes, ...) -- Data:  98 47 03 46 1A 46 0D 4B 10 46 98 47 02 46 0B 46 ...  returns 0x100 (0001ms, 109329ms total)
T2768 4078:556 JLINK_WriteMem(0x00401800, 0x0100 Bytes, ...) -- Data:  97 F8 DF 30 07 F1 C0 01 DB 00 0B 44 10 46 19 46 ...  returns 0x100 (0000ms, 109329ms total)
T2768 4078:556 JLINK_WriteMem(0x00401900, 0x0100 Bytes, ...) -- Data:  32 01 D7 E9 34 89 D7 E9 24 23 C7 E9 06 23 D7 E9 ...  returns 0x100 (0000ms, 109329ms total)
T2768 4078:556 JLINK_WriteMem(0x00401A00, 0x0100 Bytes, ...) -- Data:  00 22 1A 60 04 33 00 22 1A 60 04 33 00 22 1A 60 ...  returns 0x100 (0001ms, 109330ms total)
T2768 4078:557 JLINK_WriteMem(0x00401B00, 0x0100 Bytes, ...) -- Data:  01 20 0E 4B 98 47 15 E0 00 20 0D 4B 98 47 11 E0 ...  returns 0x100 (0000ms, 109330ms total)
T2768 4078:557 JLINK_WriteMem(0x00401C00, 0x0100 Bytes, ...) -- Data:  08 E0 08 4B 06 E0 08 4B 04 E0 07 4B 02 E0 06 4B ...  returns 0x100 (0000ms, 109330ms total)
T2768 4078:558 JLINK_WriteMem(0x00401D00, 0x0100 Bytes, ...) -- Data:  80 B5 82 B0 00 AF 03 46 FB 71 FB 79 03 3B 04 2B ...  returns 0x100 (0000ms, 109331ms total)
T2768 4078:558 JLINK_WriteMem(0x00401E00, 0x0100 Bytes, ...) -- Data:  97 F9 07 20 52 09 F9 79 01 F0 1F 01 01 20 00 FA ...  returns 0x100 (0000ms, 109331ms total)
T2768 4078:558 JLINK_WriteMem(0x00401F00, 0x0100 Bytes, ...) -- Data:  3B 61 0C E0 3B 69 BA 68 13 44 1B 78 FA 7B 9A 42 ...  returns 0x100 (0001ms, 109332ms total)
T2768 4078:559 JLINK_WriteMem(0x00402000, 0x0100 Bytes, ...) -- Data:  03 D1 0A 4B 98 47 00 BF FD E7 7B 68 1B 68 18 46 ...  returns 0x100 (0001ms, 109333ms total)
T2768 4078:560 JLINK_WriteMem(0x00402100, 0x0100 Bytes, ...) -- Data:  9A 42 07 D0 FB 68 1B 69 18 46 00 21 00 22 00 23 ...  returns 0x100 (0000ms, 109333ms total)
T2768 4078:560 JLINK_WriteMem(0x00402200, 0x0100 Bytes, ...) -- Data:  07 D0 FB 68 1B 68 18 46 00 21 00 22 00 23 17 4C ...  returns 0x100 (0001ms, 109334ms total)
T2768 4078:561 JLINK_WriteMem(0x00402300, 0x0100 Bytes, ...) -- Data:  00 2B 7B D0 3B 69 DA 00 43 4B 13 44 18 46 43 49 ...  returns 0x100 (0000ms, 109334ms total)
T2768 4078:561 JLINK_WriteMem(0x00402400, 0x0100 Bytes, ...) -- Data:  7B 69 18 46 18 37 BD 46 80 BD 00 BF 9C 2D 41 00 ...  returns 0x100 (0001ms, 109335ms total)
T2768 4078:562 JLINK_WriteMem(0x00402500, 0x0100 Bytes, ...) -- Data:  BB 69 3A 6A DA 60 BB 68 DB 68 01 2B 6D D1 00 23 ...  returns 0x100 (0000ms, 109335ms total)
T2768 4078:562 JLINK_WriteMem(0x00402600, 0x0100 Bytes, ...) -- Data:  0B 44 5A 60 7B 69 DA 00 19 4B D0 18 BB 68 99 68 ...  returns 0x100 (0000ms, 109335ms total)
T2768 4078:562 JLINK_WriteMem(0x00402700, 0x0100 Bytes, ...) -- Data:  1B 02 03 F4 40 73 13 43 43 F4 80 52 FB 69 5A 60 ...  returns 0x100 (0001ms, 109336ms total)
T2768 4078:563 JLINK_WriteMem(0x00402800, 0x0100 Bytes, ...) -- Data:  02 03 00 2B 0B D1 3B 6A 01 33 3B 62 3B 6A B3 F1 ...  returns 0x100 (0000ms, 109336ms total)
T2768 4078:563 JLINK_WriteMem(0x00402900, 0x0100 Bytes, ...) -- Data:  F8 23 87 F8 37 30 97 F8 37 30 5B B2 18 46 3C 37 ...  returns 0x100 (0000ms, 109336ms total)
T2768 4078:564 JLINK_WriteMem(0x00402A00, 0x0100 Bytes, ...) -- Data:  00 D0 0B E0 3B 6A 01 33 3B 62 3B 6A B3 F1 FF 3F ...  returns 0x100 (0000ms, 109337ms total)
T2768 4078:564 JLINK_WriteMem(0x00402B00, 0x0100 Bytes, ...) -- Data:  FF 3F 00 D1 00 E0 ED E7 FB 69 B3 F1 FF 3F 35 D0 ...  returns 0x100 (0000ms, 109337ms total)
T2768 4078:564 JLINK_WriteMem(0x00402C00, 0x0100 Bytes, ...) -- Data:  BB 69 02 22 1A 60 B8 69 4F F4 00 51 16 4B 98 47 ...  returns 0x100 (0001ms, 109338ms total)
T2768 4078:565 JLINK_WriteMem(0x00402D00, 0x0100 Bytes, ...) -- Data:  1B 01 13 44 5B 68 18 46 40 F2 02 21 87 4B 98 47 ...  returns 0x100 (0000ms, 109338ms total)
T2768 4078:565 JLINK_WriteMem(0x00402E00, 0x0100 Bytes, ...) -- Data:  03 44 18 33 19 60 45 49 BA 69 13 46 DB 00 9B 1A ...  returns 0x100 (0000ms, 109338ms total)
T2768 4078:565 JLINK_WriteMem(0x00402F00, 0x0100 Bytes, ...) -- Data:  00 23 FB 61 FB 69 18 46 20 37 BD 46 80 BD 00 BF ...  returns 0x100 (0001ms, 109339ms total)
T2768 4078:566 JLINK_WriteMem(0x00403000, 0x0100 Bytes, ...) -- Data:  AD 1E 40 00 94 0A 00 20 71 21 40 00 E1 21 40 00 ...  returns 0x100 (0000ms, 109339ms total)
T2768 4078:566 JLINK_WriteMem(0x00403100, 0x0100 Bytes, ...) -- Data:  01 2B 13 D1 00 23 7B 62 42 49 BA 69 13 46 DB 00 ...  returns 0x100 (0000ms, 109339ms total)
T2768 4078:567 JLINK_WriteMem(0x00403200, 0x0100 Bytes, ...) -- Data:  A0 47 3B 6A 18 46 2C 37 BD 46 90 BD AC 2D 41 00 ...  returns 0x100 (0000ms, 109340ms total)
T2768 4078:567 JLINK_WriteMem(0x00403300, 0x0100 Bytes, ...) -- Data:  7B 68 1B 01 13 44 1B 68 18 46 09 21 0C 4B 98 47 ...  returns 0x100 (0000ms, 109340ms total)
T2768 4078:567 JLINK_WriteMem(0x00403400, 0x0100 Bytes, ...) -- Data:  3B 69 9B 69 00 2B 03 D1 3B 4B 98 47 00 BF FD E7 ...  returns 0x100 (0001ms, 109341ms total)
T2768 4078:568 JLINK_WriteMem(0x00403500, 0x0100 Bytes, ...) -- Data:  2D 57 40 00 B9 5D 40 00 80 B5 00 AF 00 20 01 4B ...  returns 0x100 (0000ms, 109341ms total)
T2768 4078:568 JLINK_WriteMem(0x00403600, 0x0100 Bytes, ...) -- Data:  80 B4 83 B0 00 AF 78 60 7B 68 5B 68 23 F0 02 02 ...  returns 0x100 (0000ms, 109341ms total)
T2768 4078:568 JLINK_WriteMem(0x00403700, 0x0100 Bytes, ...) -- Data:  89 36 40 00 81 51 40 00 01 36 40 00 21 36 40 00 ...  returns 0x100 (0001ms, 109342ms total)
T2768 4078:569 JLINK_WriteMem(0x00403800, 0x0100 Bytes, ...) -- Data:  3B 68 1B 68 01 22 02 FA 03 F3 DB 43 78 68 19 46 ...  returns 0x100 (0001ms, 109343ms total)
T2768 4078:570 JLINK_WriteMem(0x00403900, 0x0100 Bytes, ...) -- Data:  D9 50 40 00 80 B5 00 AF 0B 20 04 4B 98 47 0C 20 ...  returns 0x100 (0000ms, 109343ms total)
T2768 4078:570 JLINK_WriteMem(0x00403A00, 0x0100 Bytes, ...) -- Data:  98 47 4D 20 4F F0 60 51 03 4B 98 47 80 BD 00 BF ...  returns 0x100 (0000ms, 109343ms total)
T2768 4078:571 JLINK_WriteMem(0x00403B00, 0x0100 Bytes, ...) -- Data:  7B 69 03 F5 00 13 03 F2 07 73 5B 02 3B 61 97 F8 ...  returns 0x100 (0000ms, 109344ms total)
T2768 4078:571 JLINK_WriteMem(0x00403C00, 0x0100 Bytes, ...) -- Data:  00 AF 03 46 FB 71 08 4B 97 F9 07 20 52 09 F9 79 ...  returns 0x100 (0000ms, 109344ms total)
T2768 4078:571 JLINK_WriteMem(0x00403D00, 0x0100 Bytes, ...) -- Data:  80 B4 83 B0 00 AF 78 60 7B 68 01 22 1A 60 0C 37 ...  returns 0x100 (0001ms, 109345ms total)
T2768 4078:572 JLINK_WriteMem(0x00403E00, 0x0100 Bytes, ...) -- Data:  22 20 01 4B 98 47 80 BD 9D 3D 40 00 90 B5 83 B0 ...  returns 0x100 (0000ms, 109345ms total)
T2768 4078:572 JLINK_WriteMem(0x00403F00, 0x0100 Bytes, ...) -- Data:  07 4B 9A 42 F8 D9 FB 68 01 33 FB 60 FA 68 7B 68 ...  returns 0x100 (0000ms, 109345ms total)
T2768 4078:573 JLINK_WriteMem(0x00404000, 0x0100 Bytes, ...) -- Data:  98 47 15 20 00 21 6F 4B 98 47 15 20 6E 4B 98 47 ...  returns 0x100 (0000ms, 109346ms total)
T2768 4078:573 JLINK_WriteMem(0x00404100, 0x0100 Bytes, ...) -- Data:  37 20 00 21 38 4B 98 47 38 20 DC 21 36 4B 98 47 ...  returns 0x100 (0000ms, 109346ms total)
T2768 4078:573 JLINK_WriteMem(0x00404200, 0x0100 Bytes, ...) -- Data:  07 4B 98 47 78 60 05 48 79 68 06 4B 98 47 06 4B ...  returns 0x100 (0001ms, 109347ms total)
T2768 4078:574 JLINK_WriteMem(0x00404300, 0x0100 Bytes, ...) -- Data:  9A B2 7B 68 9B B2 13 44 9B B2 01 3B 9B B2 DB B2 ...  returns 0x100 (0000ms, 109347ms total)
T2768 4078:574 JLINK_WriteMem(0x00404400, 0x0100 Bytes, ...) -- Data:  3B 46 24 4C A0 47 F8 68 B9 68 7A 68 FB 68 D3 1A ...  returns 0x100 (0000ms, 109347ms total)
T2768 4078:574 JLINK_WriteMem(0x00404500, 0x0100 Bytes, ...) -- Data:  01 03 00 2B 09 D0 FA 68 3B 6A 1A 44 B9 68 7B 6A ...  returns 0x100 (0000ms, 109347ms total)
T2768 4078:574 JLINK_WriteMem(0x00404600, 0x0100 Bytes, ...) -- Data:  5A 68 FB 68 DA 60 7B 68 00 2B 07 D0 7B 68 1A 68 ...  returns 0x100 (0001ms, 109348ms total)
T2768 4078:575 JLINK_WriteMem(0x00404700, 0x0100 Bytes, ...) -- Data:  80 5F 2C D0 00 2B 69 D0 64 E0 B3 F1 20 5F 65 D0 ...  returns 0x100 (0000ms, 109348ms total)
T2768 4078:575 JLINK_WriteMem(0x00404800, 0x0100 Bytes, ...) -- Data:  01 03 F8 68 B9 68 1A 46 15 4B 98 47 7B 68 03 F0 ...  returns 0x100 (0000ms, 109348ms total)
T2768 4078:575 JLINK_WriteMem(0x00404900, 0x0100 Bytes, ...) -- Data:  D0 20 7B 68 03 F0 40 03 00 2B 04 D0 FB 68 BA 68 ...  returns 0x100 (0000ms, 109348ms total)
T2768 4078:575 JLINK_WriteMem(0x00404A00, 0x0100 Bytes, ...) -- Data:  78 68 12 4B 98 47 F8 60 FB 68 9A 6B 7B 68 03 F0 ...  returns 0x100 (0001ms, 109349ms total)
T2768 4078:576 JLINK_WriteMem(0x00404B00, 0x0100 Bytes, ...) -- Data:  01 03 F8 68 11 46 1A 46 3B 4B 98 47 6B E0 7B 68 ...  returns 0x100 (0000ms, 109349ms total)
T2768 4078:576 JLINK_WriteMem(0x00404C00, 0x0100 Bytes, ...) -- Data:  65 48 40 00 90 B5 87 B0 02 AF F8 60 B9 60 7A 60 ...  returns 0x100 (0000ms, 109349ms total)
T2768 4078:576 JLINK_WriteMem(0x00404D00, 0x0100 Bytes, ...) -- Data:  C9 B2 00 91 F8 68 B9 68 07 4C A0 47 01 E0 00 23 ...  returns 0x100 (0001ms, 109350ms total)
T2768 4078:577 JLINK_WriteMem(0x00404E00, 0x0100 Bytes, ...) -- Data:  80 B5 86 B0 00 AF F8 60 B9 60 7A 60 3B 60 13 4B ...  returns 0x100 (0000ms, 109350ms total)
T2768 4078:577 JLINK_WriteMem(0x00404F00, 0x0100 Bytes, ...) -- Data:  FB 60 07 E0 FB 68 00 2B 01 D1 01 23 09 E0 FB 68 ...  returns 0x100 (0000ms, 109350ms total)
T2768 4078:577 JLINK_WriteMem(0x00405000, 0x0100 Bytes, ...) -- Data:  0C 37 BD 46 5D F8 04 7B 70 47 00 BF 00 04 0E 40 ...  returns 0x100 (0001ms, 109351ms total)
T2768 4078:578 JLINK_WriteMem(0x00405100, 0x0100 Bytes, ...) -- Data:  01 21 01 FA 03 F3 9A 42 05 D0 06 4B 7A 68 01 21 ...  returns 0x100 (0000ms, 109351ms total)
T2768 4078:578 JLINK_WriteMem(0x00405200, 0x0100 Bytes, ...) -- Data:  00 2B 01 D1 01 23 20 E0 7B 68 1B 69 03 F0 02 03 ...  returns 0x100 (0000ms, 109351ms total)
T2768 4078:578 JLINK_WriteMem(0x00405300, 0x0100 Bytes, ...) -- Data:  B9 60 7A 60 7B 68 04 2B 18 D1 FB 68 BA 68 0C 32 ...  returns 0x100 (0000ms, 109351ms total)
T2768 4078:578 JLINK_WriteMem(0x00405400, 0x0100 Bytes, ...) -- Data:  00 2B 02 DD FB 68 FF 2B 02 DD 4F F6 FF 73 01 E0 ...  returns 0x100 (0001ms, 109352ms total)
T2768 4078:579 JLINK_WriteMem(0x00405500, 0x0100 Bytes, ...) -- Data:  9A 42 01 D9 01 23 21 E0 BB 68 5B 00 7A 68 B2 FB ...  returns 0x100 (0000ms, 109352ms total)
T2768 4078:579 JLINK_WriteMem(0x00405600, 0x0100 Bytes, ...) -- Data:  80 B4 85 B0 00 AF 78 60 39 60 00 23 FB 60 7B 68 ...  returns 0x100 (0000ms, 109352ms total)
T2768 4078:579 JLINK_WriteMem(0x00405700, 0x0100 Bytes, ...) -- Data:  00 AF 78 60 7B 68 1B 69 18 46 0C 37 BD 46 5D F8 ...  returns 0x100 (0001ms, 109353ms total)
T2768 4078:580 JLINK_WriteMem(0x00405800, 0x0100 Bytes, ...) -- Data:  08 02 3B 68 1A 60 00 23 18 46 0C 37 BD 46 5D F8 ...  returns 0x100 (0000ms, 109353ms total)
T2768 4078:580 JLINK_WriteMem(0x00405900, 0x0100 Bytes, ...) -- Data:  1B 6A 03 F0 80 73 00 2B 03 D0 40 4B 40 4A 1A 60 ...  returns 0x100 (0000ms, 109353ms total)
T2768 4078:580 JLINK_WriteMem(0x00405A00, 0x0100 Bytes, ...) -- Data:  70 47 00 BF 00 04 0E 40 10 14 0E 40 38 01 00 20 ...  returns 0x100 (0000ms, 109353ms total)
T2768 4078:580 JLINK_WriteMem(0x00405B00, 0x0100 Bytes, ...) -- Data:  03 F1 08 02 7B 68 DA 60 7B 68 03 F1 08 02 7B 68 ...  returns 0x100 (0001ms, 109354ms total)
T2768 4078:581 JLINK_WriteMem(0x00405C00, 0x0100 Bytes, ...) -- Data:  00 AF 78 60 7B 68 5B 68 7A 68 92 68 9A 60 7B 68 ...  returns 0x100 (0000ms, 109354ms total)
T2768 4078:581 JLINK_WriteMem(0x00405D00, 0x0100 Bytes, ...) -- Data:  FB 60 FB 68 4F F0 80 72 1A 60 FB 68 04 3B FB 60 ...  returns 0x100 (0000ms, 109354ms total)
T2768 4078:581 JLINK_WriteMem(0x00405E00, 0x0100 Bytes, ...) -- Data:  02 D1 00 20 02 4B 98 47 80 BD 00 BF 3C 01 00 20 ...  returns 0x100 (0000ms, 109354ms total)
T2768 4078:581 JLINK_WriteMem(0x00405F00, 0x0100 Bytes, ...) -- Data:  07 03 08 33 7B 60 7B 68 00 2B 45 D0 43 F2 F0 03 ...  returns 0x100 (0001ms, 109355ms total)
T2768 4078:582 JLINK_WriteMem(0x00406000, 0x0100 Bytes, ...) -- Data:  1A 60 B8 68 05 4B 98 47 05 4B 98 47 10 37 BD 46 ...  returns 0x100 (0000ms, 109355ms total)
T2768 4078:582 JLINK_WriteMem(0x00406100, 0x0100 Bytes, ...) -- Data:  1A 44 FB 68 1B 68 9A 42 18 D1 FB 68 1A 68 14 4B ...  returns 0x100 (0000ms, 109355ms total)
T2768 4078:582 JLINK_WriteMem(0x00406200, 0x0100 Bytes, ...) -- Data:  08 4B 98 47 08 4B 98 47 01 23 18 46 08 37 BD 46 ...  returns 0x100 (0000ms, 109355ms total)
T2768 4078:583 JLINK_WriteMem(0x00406300, 0x0100 Bytes, ...) -- Data:  FB 68 00 22 1A 64 FB 68 4F F0 FF 32 5A 64 FB 68 ...  returns 0x100 (0000ms, 109355ms total)
T2768 4078:583 JLINK_WriteMem(0x00406400, 0x0100 Bytes, ...) -- Data:  3A 68 3B 4B 98 47 FB 68 5B 6A 00 2B 09 D0 FB 68 ...  returns 0x100 (0000ms, 109355ms total)
T2768 4078:583 JLINK_WriteMem(0x00406500, 0x0100 Bytes, ...) -- Data:  71 74 40 00 45 6F 40 00 A9 74 40 00 9D 69 40 00 ...  returns 0x100 (0000ms, 109355ms total)
T2768 4078:583 JLINK_WriteMem(0x00406600, 0x0100 Bytes, ...) -- Data:  1B 6C 00 2B 01 D1 01 23 00 E0 00 23 00 2B 03 D1 ...  returns 0x100 (0001ms, 109356ms total)
T2768 4078:584 JLINK_WriteMem(0x00406700, 0x0100 Bytes, ...) -- Data:  2B D1 F8 68 25 4B 98 47 03 46 00 2B 1F D0 FB 68 ...  returns 0x100 (0000ms, 109356ms total)
T2768 4078:584 JLINK_WriteMem(0x00406800, 0x0100 Bytes, ...) -- Data:  FB 68 9A 60 FB 68 9A 68 FB 68 5B 68 9A 42 23 D3 ...  returns 0x100 (0000ms, 109356ms total)
T2768 4078:584 JLINK_WriteMem(0x00406900, 0x0100 Bytes, ...) -- Data:  7B 68 4F F0 FF 32 9A 64 16 4B 98 47 12 4B 98 47 ...  returns 0x100 (0000ms, 109356ms total)
T2768 4078:585 JLINK_WriteMem(0x00406A00, 0x0100 Bytes, ...) -- Data:  9A 64 0A 4B 98 47 7B 68 9B 6B 00 2B 05 D1 7B 68 ...  returns 0x100 (0000ms, 109357ms total)
T2768 4078:585 JLINK_WriteMem(0x00406B00, 0x0100 Bytes, ...) -- Data:  32 4B 1B 68 01 2B 0F D1 32 4B 98 47 0C E0 32 4B ...  returns 0x100 (0000ms, 109357ms total)
T2768 4078:585 JLINK_WriteMem(0x00406C00, 0x0100 Bytes, ...) -- Data:  1E 4B 98 47 1E 4B 1B 68 7A 68 9A 42 01 D1 00 23 ...  returns 0x100 (0000ms, 109357ms total)
T2768 4078:585 JLINK_WriteMem(0x00406D00, 0x0100 Bytes, ...) -- Data:  61 6F 40 00 B9 5D 40 00 80 B5 84 B0 00 AF 78 60 ...  returns 0x100 (0001ms, 109358ms total)
T2768 4078:586 JLINK_WriteMem(0x00406E00, 0x0100 Bytes, ...) -- Data:  15 5E 40 00 4C 3E 00 20 20 3E 00 20 80 B5 84 B0 ...  returns 0x100 (0000ms, 109358ms total)
T2768 4078:586 JLINK_WriteMem(0x00406F00, 0x0100 Bytes, ...) -- Data:  01 22 1A 60 0D 4B 00 22 1A 60 0D 4B 98 47 7B 68 ...  returns 0x100 (0000ms, 109358ms total)
T2768 4078:586 JLINK_WriteMem(0x00407000, 0x0100 Bytes, ...) -- Data:  1B 4B 98 47 19 4B 1B 68 5A 1E 18 4B 1A 60 17 4B ...  returns 0x100 (0000ms, 109358ms total)
T2768 4078:586 JLINK_WriteMem(0x00407100, 0x0100 Bytes, ...) -- Data:  1B 68 00 2B 04 D1 39 4B 4F F0 FF 32 1A 60 08 E0 ...  returns 0x100 (0001ms, 109359ms total)
T2768 4078:587 JLINK_WriteMem(0x00407200, 0x0100 Bytes, ...) -- Data:  78 3E 00 20 01 89 40 00 80 B5 82 B0 00 AF 2A 4B ...  returns 0x100 (0000ms, 109359ms total)
T2768 4078:587 JLINK_WriteMem(0x00407300, 0x0100 Bytes, ...) -- Data:  18 46 0F 4B 98 47 3B 68 B3 F1 FF 3F 07 D1 0A 4B ...  returns 0x100 (0000ms, 109359ms total)
T2768 4078:587 JLINK_WriteMem(0x00407400, 0x0100 Bytes, ...) -- Data:  1A 60 BB 68 DA 6A 13 46 9B 00 13 44 9B 00 14 4A ...  returns 0x100 (0000ms, 109359ms total)
T2768 4078:587 JLINK_WriteMem(0x00407500, 0x0100 Bytes, ...) -- Data:  13 4B 1A 68 7B 68 5B 68 D2 1A 3B 68 1B 68 9A 42 ...  returns 0x100 (0001ms, 109360ms total)
T2768 4078:588 JLINK_WriteMem(0x00407600, 0x0100 Bytes, ...) -- Data:  9A 61 FB 68 FA 68 5A 62 10 37 BD 46 80 BD 00 BF ...  returns 0x100 (0000ms, 109360ms total)
T2768 4078:588 JLINK_WriteMem(0x00407700, 0x0100 Bytes, ...) -- Data:  45 6F 40 00 34 3E 00 20 61 6F 40 00 D1 5D 40 00 ...  returns 0x100 (0000ms, 109360ms total)
T2768 4078:588 JLINK_WriteMem(0x00407800, 0x0100 Bytes, ...) -- Data:  0D B0 40 00 80 B5 82 B0 00 AF 78 60 7B 68 1B 6B ...  returns 0x100 (0000ms, 109360ms total)
T2768 4078:588 JLINK_WriteMem(0x00407900, 0x0100 Bytes, ...) -- Data:  1A 44 FB 68 04 33 10 46 19 46 09 4B 98 47 04 E0 ...  returns 0x100 (0001ms, 109361ms total)
T2768 4078:589 JLINK_WriteMem(0x00407A00, 0x0100 Bytes, ...) -- Data:  BD 46 90 BD 61 7F 40 00 B8 3E 00 20 B5 7B 40 00 ...  returns 0x100 (0000ms, 109361ms total)
T2768 4078:589 JLINK_WriteMem(0x00407B00, 0x0100 Bytes, ...) -- Data:  1A 68 07 F1 10 03 10 46 19 46 3A 68 00 23 07 4C ...  returns 0x100 (0000ms, 109361ms total)
T2768 4078:589 JLINK_WriteMem(0x00407C00, 0x0100 Bytes, ...) -- Data:  00 2B 1E D1 3B 68 00 2B 0A D1 7A 68 FB 68 9A 42 ...  returns 0x100 (0001ms, 109362ms total)
T2768 4078:590 JLINK_WriteMem(0x00407D00, 0x0100 Bytes, ...) -- Data:  00 AF F8 60 B9 60 7A 60 3B 60 00 23 7B 61 FB 68 ...  returns 0x100 (0000ms, 109362ms total)
T2768 4078:590 JLINK_WriteMem(0x00407E00, 0x0100 Bytes, ...) -- Data:  13 44 00 22 00 92 B8 69 00 21 1A 46 00 23 1E 4C ...  returns 0x100 (0000ms, 109362ms total)
T2768 4078:590 JLINK_WriteMem(0x00407F00, 0x0100 Bytes, ...) -- Data:  98 47 0F E0 00 23 00 93 B8 69 00 21 FA 69 00 23 ...  returns 0x100 (0000ms, 109362ms total)
T2768 4078:590 JLINK_WriteMem(0x00408000, 0x0100 Bytes, ...) -- Data:  16 4B 98 47 02 46 18 4B 43 F8 24 20 FA 79 16 4B ...  returns 0x100 (0001ms, 109363ms total)
T2768 4078:591 JLINK_WriteMem(0x00408100, 0x0100 Bytes, ...) -- Data:  0C 49 88 47 06 E0 07 4B 1B 68 09 48 19 46 09 4B ...  returns 0x100 (0000ms, 109363ms total)
T2768 4078:591 JLINK_WriteMem(0x00408200, 0x0100 Bytes, ...) -- Data:  90 B5 89 B0 02 AF 3B 1D 83 E8 07 00 FA 68 14 4B ...  returns 0x100 (0000ms, 109363ms total)
T2768 4078:591 JLINK_WriteMem(0x00408300, 0x0100 Bytes, ...) -- Data:  00 BF FD E7 50 4B 1B 68 18 46 00 21 00 22 00 23 ...  returns 0x100 (0000ms, 109363ms total)
T2768 4078:591 JLINK_WriteMem(0x00408400, 0x0100 Bytes, ...) -- Data:  18 22 22 4B 98 47 68 20 24 49 25 4B 98 47 00 23 ...  returns 0x100 (0001ms, 109364ms total)
T2768 4078:592 JLINK_WriteMem(0x00408500, 0x0100 Bytes, ...) -- Data:  00 22 01 23 2C 4C A0 47 30 4B D3 E9 00 23 CD E9 ...  returns 0x100 (0000ms, 109364ms total)
T2768 4078:592 JLINK_WriteMem(0x00408600, 0x0100 Bytes, ...) -- Data:  2B D1 FA 68 17 4B 10 46 98 47 02 46 0B 46 10 46 ...  returns 0x100 (0000ms, 109364ms total)
T2768 4078:592 JLINK_WriteMem(0x00408700, 0x0100 Bytes, ...) -- Data:  1C 36 41 00 D8 3E 00 20 0D 87 40 00 90 B5 87 B0 ...  returns 0x100 (0001ms, 109365ms total)
T2768 4078:593 JLINK_WriteMem(0x00408800, 0x0100 Bytes, ...) -- Data:  22 10 0C 37 BD 46 5D F8 04 7B 70 47 00 E1 00 E0 ...  returns 0x100 (0000ms, 109365ms total)
T2768 4078:593 JLINK_WriteMem(0x00408900, 0x0100 Bytes, ...) -- Data:  80 B4 00 AF 04 4B 1B 68 5A 1C 03 4B 1A 60 BD 46 ...  returns 0x100 (0000ms, 109365ms total)
T2768 4078:593 JLINK_WriteMem(0x00408A00, 0x0100 Bytes, ...) -- Data:  18 46 00 21 00 22 00 23 0E 4C A0 47 04 37 BD 46 ...  returns 0x100 (0000ms, 109365ms total)
T2768 4078:593 JLINK_WriteMem(0x00408B00, 0x0100 Bytes, ...) -- Data:  06 D0 3C 48 2D 4B 98 47 19 20 32 4B 98 47 02 E0 ...  returns 0x100 (0001ms, 109366ms total)
T2768 4078:594 JLINK_WriteMem(0x00408C00, 0x0100 Bytes, ...) -- Data:  A9 17 40 00 5C 37 41 00 64 37 41 00 09 6D 40 00 ...  returns 0x100 (0000ms, 109366ms total)
T2768 4078:594 JLINK_WriteMem(0x00408D00, 0x0100 Bytes, ...) -- Data:  00 23 01 F0 DB F8 02 46 0B 46 C8 E9 00 23 20 46 ...  returns 0x100 (0000ms, 109366ms total)
T2768 4078:594 JLINK_WriteMem(0x00408E00, 0x0100 Bytes, ...) -- Data:  C8 E9 00 01 F1 E7 40 A3 D3 E9 00 23 01 F0 56 F8 ...  returns 0x100 (0000ms, 109366ms total)
T2768 4078:594 JLINK_WriteMem(0x00408F00, 0x0100 Bytes, ...) -- Data:  31 63 62 1A 61 B4 D0 3D 00 00 60 1A 61 B4 D0 3D ...  returns 0x100 (0001ms, 109367ms total)
T2768 4078:595 JLINK_WriteMem(0x00409000, 0x0100 Bytes, ...) -- Data:  22 46 2B 46 00 F0 5A FF 37 A3 D3 E9 00 23 04 46 ...  returns 0x100 (0000ms, 109367ms total)
T2768 4078:595 JLINK_WriteMem(0x00409100, 0x0100 Bytes, ...) -- Data:  2D E9 F0 4F 21 F0 00 49 B9 F1 79 5F 85 B0 06 46 ...  returns 0x100 (0000ms, 109367ms total)
T2768 4078:595 JLINK_WriteMem(0x00409200, 0x0100 Bytes, ...) -- Data:  0D 46 01 F0 0F F8 40 A3 D3 E9 00 23 00 F0 58 FE ...  returns 0x100 (0000ms, 109367ms total)
T2768 4078:595 JLINK_WriteMem(0x00409300, 0x0100 Bytes, ...) -- Data:  D4 38 88 BE E9 FA A8 BD C4 B1 B4 BD 9E EE 21 3E ...  returns 0x100 (0001ms, 109368ms total)
T2768 4078:596 JLINK_WriteMem(0x00409400, 0x0100 Bytes, ...) -- Data:  02 46 0B 46 20 46 29 46 00 F0 5A FD 01 36 4E 45 ...  returns 0x100 (0000ms, 109368ms total)
T2768 4078:596 JLINK_WriteMem(0x00409500, 0x0100 Bytes, ...) -- Data:  50 F8 21 30 C4 F1 18 00 43 FA 00 F2 02 FA 00 F0 ...  returns 0x100 (0000ms, 109368ms total)
T2768 4078:596 JLINK_WriteMem(0x00409600, 0x0100 Bytes, ...) -- Data:  03 9C 1E 44 63 1C B3 42 0D 96 49 DC 04 9D 0E 9E ...  returns 0x100 (0000ms, 109368ms total)
T2768 4078:597 JLINK_WriteMem(0x00409700, 0x0100 Bytes, ...) -- Data:  4D E7 00 22 7E 4B 01 F0 13 F8 20 B9 05 46 49 E7 ...  returns 0x100 (0000ms, 109368ms total)
T2768 4078:597 JLINK_WriteMem(0x00409800, 0x0100 Bytes, ...) -- Data:  10 A0 B8 F1 00 0F C0 F2 28 81 DF F8 00 A1 5F 46 ...  returns 0x100 (0000ms, 109368ms total)
T2768 4078:597 JLINK_WriteMem(0x00409900, 0x0100 Bytes, ...) -- Data:  00 00 E0 3F 00 00 70 41 00 00 70 3E 68 39 41 00 ...  returns 0x100 (0000ms, 109368ms total)
T2768 4078:597 JLINK_WriteMem(0x00409A00, 0x0100 Bytes, ...) -- Data:  0B 9E 02 46 01 F1 00 43 C6 E9 02 23 07 9C 04 F0 ...  returns 0x100 (0001ms, 109369ms total)
T2768 4078:598 JLINK_WriteMem(0x00409B00, 0x0100 Bytes, ...) -- Data:  00 21 2C E7 00 00 00 00 2D E9 F0 4F 21 F0 00 46 ...  returns 0x100 (0000ms, 109369ms total)
T2768 4078:598 JLINK_WriteMem(0x00409C00, 0x0100 Bytes, ...) -- Data:  05 B0 BD E8 F0 8F DD E9 02 23 30 46 39 46 00 F0 ...  returns 0x100 (0000ms, 109369ms total)
T2768 4078:598 JLINK_WriteMem(0x00409D00, 0x0100 Bytes, ...) -- Data:  00 23 00 F0 DD F8 00 22 00 23 00 F0 1B FD 00 28 ...  returns 0x100 (0000ms, 109369ms total)
T2768 4078:598 JLINK_WriteMem(0x00409E00, 0x0100 Bytes, ...) -- Data:  27 D0 43 44 40 F2 FE 71 8B 42 E8 DC 00 2B 0B DD ...  returns 0x100 (0001ms, 109370ms total)
T2768 4078:599 JLINK_WriteMem(0x00409F00, 0x0100 Bytes, ...) -- Data:  03 03 82 EA 00 00 83 EA 01 01 80 EA 02 02 81 EA ...  returns 0x100 (0000ms, 109370ms total)
T2768 4078:599 JLINK_WriteMem(0x0040A000, 0x0100 Bytes, ...) -- Data:  00 20 B1 FA 81 F3 08 BF 20 33 A3 F1 0B 03 B3 F1 ...  returns 0x100 (0000ms, 109370ms total)
T2768 4078:599 JLINK_WriteMem(0x0040A100, 0x0100 Bytes, ...) -- Data:  45 F0 FE 41 41 F4 70 01 4F F0 00 00 30 BD 7F EA ...  returns 0x100 (0001ms, 109371ms total)
T2768 4078:600 JLINK_WriteMem(0x0040A200, 0x0100 Bytes, ...) -- Data:  03 32 02 EB DC 02 C2 F1 20 03 00 FA 03 FC 20 FA ...  returns 0x100 (0000ms, 109371ms total)
T2768 4078:600 JLINK_WriteMem(0x0040A300, 0x0100 Bytes, ...) -- Data:  01 3C 00 F3 AB 80 14 F1 36 0F DE BF 00 20 01 F0 ...  returns 0x100 (0000ms, 109371ms total)
T2768 4078:600 JLINK_WriteMem(0x0040A400, 0x0100 Bytes, ...) -- Data:  94 EA 0C 0F 0C EA 13 55 18 BF 95 EA 0C 0F 0C D0 ...  returns 0x100 (0000ms, 109371ms total)
T2768 4078:600 JLINK_WriteMem(0x0040A500, 0x0100 Bytes, ...) -- Data:  03 0E 22 BF B6 1A 75 46 40 EA 0C 00 5B 08 4F EA ...  returns 0x100 (0001ms, 109372ms total)
T2768 4078:601 JLINK_WriteMem(0x0040A600, 0x0100 Bytes, ...) -- Data:  01 34 7F F4 34 AF 95 EA 0C 0F 7F F4 25 AF 10 46 ...  returns 0x100 (0000ms, 109372ms total)
T2768 4078:601 JLINK_WriteMem(0x0040A700, 0x0100 Bytes, ...) -- Data:  00 20 5D F8 08 FB 00 BF 4D F8 08 ED FF F7 EA FF ...  returns 0x100 (0000ms, 109372ms total)
T2768 4078:601 JLINK_WriteMem(0x0040A800, 0x0100 Bytes, ...) -- Data:  02 F0 18 BF 40 F0 01 00 4F EA C1 23 4F EA D3 23 ...  returns 0x100 (0000ms, 109372ms total)
T2768 4078:601 JLINK_WriteMem(0x0040A900, 0x0100 Bytes, ...) -- Data:  10 F4 00 0F A2 F1 01 02 ED D1 B0 FA 80 FC AC F1 ...  returns 0x100 (0001ms, 109373ms total)
T2768 4078:602 JLINK_WriteMem(0x0040AA00, 0x0100 Bytes, ...) -- Data:  02 BF 84 46 01 46 00 20 43 F0 B6 43 08 BF A3 F1 ...  returns 0x100 (0000ms, 109373ms total)
T2768 4078:602 JLINK_WriteMem(0x0040AB00, 0x0100 Bytes, ...) -- Data:  00 40 70 47 C2 F1 00 02 41 00 21 FA 02 F1 C2 F1 ...  returns 0x100 (0000ms, 109373ms total)
T2768 4078:602 JLINK_WriteMem(0x0040AC00, 0x0100 Bytes, ...) -- Data:  0C F0 00 40 8B 42 38 BF 5B 00 42 F1 7D 02 4F F4 ...  returns 0x100 (0000ms, 109373ms total)
T2768 4078:603 JLINK_WriteMem(0x0040AD00, 0x0100 Bytes, ...) -- Data:  5F E7 00 BF 4F F0 FF 3C 06 E0 00 BF 4F F0 01 0C ...  returns 0x100 (0000ms, 109374ms total)
T2768 4078:603 JLINK_WriteMem(0x0040AE00, 0x0100 Bytes, ...) -- Data:  12 62 09 D4 4F EA 00 23 43 F0 00 43 23 FA 02 F0 ...  returns 0x100 (0000ms, 109374ms total)
T2768 4078:603 JLINK_WriteMem(0x0040AF00, 0x0100 Bytes, ...) -- Data:  03 F1 04 03 04 D1 04 3A 03 2A 18 46 21 46 F0 D8 ...  returns 0x100 (0000ms, 109374ms total)
T2768 4078:603 JLINK_WriteMem(0x0040B000, 0x0100 Bytes, ...) -- Data:  4B 78 43 70 8B 78 83 70 60 46 70 47 F0 B4 84 07 ...  returns 0x100 (0001ms, 109375ms total)
T2768 4078:604 JLINK_WriteMem(0x0040B100, 0x0100 Bytes, ...) -- Data:  2A 4A 80 B2 EA 63 C4 F8 00 80 C4 F8 10 80 67 61 ...  returns 0x100 (0000ms, 109375ms total)
T2768 4078:604 JLINK_WriteMem(0x0040B200, 0x0100 Bytes, ...) -- Data:  00 29 47 D0 85 07 0F D0 02 78 00 2A 3F D0 91 42 ...  returns 0x100 (0000ms, 109375ms total)
T2768 4078:604 JLINK_WriteMem(0x0040B300, 0x0100 Bytes, ...) -- Data:  02 45 CD E9 00 67 6F F0 00 06 4F F0 00 07 00 BF ...  returns 0x100 (0000ms, 109375ms total)
T2768 4078:604 JLINK_WriteMem(0x0040B400, 0x0100 Bytes, ...) -- Data:  A3 F1 01 3C 2C EA 03 0C 0C F0 80 3C 08 BF BC F1 ...  returns 0x100 (0001ms, 109376ms total)
T2768 4078:605 JLINK_WriteMem(0x0040B500, 0x0100 Bytes, ...) -- Data:  8C F0 DD E9 00 67 DD E9 02 45 1D F1 10 0D 38 B1 ...  returns 0x100 (0000ms, 109376ms total)
T2768 4078:605 JLINK_WriteMem(0x0040B600, 0x0100 Bytes, ...) -- Data:  1A D1 DD B1 B3 B1 6C 1C 0C 44 8B 1C 01 46 04 E0 ...  returns 0x100 (0000ms, 109376ms total)
T2768 4078:605 JLINK_WriteMem(0x0040B700, 0x0100 Bytes, ...) -- Data:  00 23 1A 93 16 46 12 F8 01 4B 2D 2C 00 F2 58 81 ...  returns 0x100 (0000ms, 109376ms total)
T2768 4078:605 JLINK_WriteMem(0x0040B800, 0x0100 Bytes, ...) -- Data:  07 EB 87 07 04 EB 47 07 30 3F EE E7 19 92 79 E7 ...  returns 0x100 (0001ms, 109377ms total)
T2768 4078:606 JLINK_WriteMem(0x0040B900, 0x0100 Bytes, ...) -- Data:  3F F4 36 AF 01 21 0B 91 00 28 71 D1 0A 9B 00 2B ...  returns 0x100 (0000ms, 109377ms total)
T2768 4078:606 JLINK_WriteMem(0x0040BA00, 0x0100 Bytes, ...) -- Data:  FF 30 03 93 02 90 22 07 42 BF 03 99 41 F0 00 41 ...  returns 0x100 (0000ms, 109377ms total)
T2768 4078:606 JLINK_WriteMem(0x0040BB00, 0x0100 Bytes, ...) -- Data:  F8 D0 F4 E6 C0 3C 41 00 08 9B C8 EB 0A 08 98 44 ...  returns 0x100 (0000ms, 109377ms total)
T2768 4078:607 JLINK_WriteMem(0x0040BC00, 0x0100 Bytes, ...) -- Data:  4F F0 01 08 08 FA 02 F8 00 23 0C 93 0A 98 55 44 ...  returns 0x100 (0000ms, 109378ms total)
T2768 4078:607 JLINK_WriteMem(0x0040BD00, 0x0100 Bytes, ...) -- Data:  00 28 65 D0 BA F1 00 0F 00 F0 8F 80 2D 4D 00 24 ...  returns 0x100 (0000ms, 109378ms total)
T2768 4078:607 JLINK_WriteMem(0x0040BE00, 0x0100 Bytes, ...) -- Data:  ED E6 9E 4C 4F F0 01 08 E4 1A 08 FA 04 F4 0C 94 ...  returns 0x100 (0000ms, 109378ms total)
T2768 4078:607 JLINK_WriteMem(0x0040BF00, 0x0100 Bytes, ...) -- Data:  91 F9 01 2C 05 F1 08 05 F0 DC CD E9 02 01 03 99 ...  returns 0x100 (0001ms, 109379ms total)
T2768 4078:608 JLINK_WriteMem(0x0040C000, 0x0100 Bytes, ...) -- Data:  93 42 7F F4 C0 AB 10 F8 01 2F 00 2A F1 D1 19 91 ...  returns 0x100 (0000ms, 109379ms total)
T2768 4078:608 JLINK_WriteMem(0x0040C100, 0x0100 Bytes, ...) -- Data:  03 93 02 90 3F E6 A4 4B 00 20 03 93 02 90 22 23 ...  returns 0x100 (0000ms, 109379ms total)
T2768 4078:608 JLINK_WriteMem(0x0040C200, 0x0100 Bytes, ...) -- Data:  66 4A 02 EB C3 03 D3 E9 00 23 FE F7 35 F9 CD E9 ...  returns 0x100 (0000ms, 109379ms total)
T2768 4078:608 JLINK_WriteMem(0x0040C300, 0x0100 Bytes, ...) -- Data:  22 23 CB F8 00 30 1A 99 4F F0 00 08 4F F0 00 09 ...  returns 0x100 (0001ms, 109380ms total)
T2768 4078:609 JLINK_WriteMem(0x0040C400, 0x0100 Bytes, ...) -- Data:  B2 46 DD E9 08 89 00 2D 00 F0 82 80 03 9A 7E 4B ...  returns 0x100 (0000ms, 109380ms total)
T2768 4078:609 JLINK_WriteMem(0x0040C500, 0x0100 Bytes, ...) -- Data:  45 49 00 22 00 20 CD E9 16 23 CD E9 0C 01 AC E4 ...  returns 0x100 (0000ms, 109380ms total)
T2768 4078:609 JLINK_WriteMem(0x0040C600, 0x0100 Bytes, ...) -- Data:  90 E5 00 BF C0 3C 41 00 FF FF 0F 00 00 00 50 39 ...  returns 0x100 (0001ms, 109381ms total)
T2768 4078:610 JLINK_WriteMem(0x0040C700, 0x0100 Bytes, ...) -- Data:  75 78 B4 1C 33 F0 10 00 3C D0 99 46 BA F1 00 0F ...  returns 0x100 (0000ms, 109381ms total)
T2768 4078:610 JLINK_WriteMem(0x0040C800, 0x0100 Bytes, ...) -- Data:  0C 91 91 46 0D 90 04 F0 95 F9 00 68 15 90 FE F7 ...  returns 0x100 (0000ms, 109381ms total)
T2768 4078:610 JLINK_WriteMem(0x0040C900, 0x0100 Bytes, ...) -- Data:  C3 03 C3 03 C3 03 C3 03 C3 03 90 02 71 03 C3 03 ...  returns 0x100 (0000ms, 109381ms total)
T2768 4078:610 JLINK_WriteMem(0x0040CA00, 0x0100 Bytes, ...) -- Data:  04 05 09 95 99 F8 00 80 52 E7 0D 98 0C 99 2B AA ...  returns 0x100 (0001ms, 109382ms total)
T2768 4078:611 JLINK_WriteMem(0x0040CB00, 0x0100 Bytes, ...) -- Data:  1C F0 01 0F 00 F0 32 84 48 AF 30 23 08 9D 07 F8 ...  returns 0x100 (0000ms, 109382ms total)
T2768 4078:611 JLINK_WriteMem(0x0040CC00, 0x0100 Bytes, ...) -- Data:  B4 C0 2C 93 86 E8 06 00 00 F3 A4 83 08 36 12 9B ...  returns 0x100 (0000ms, 109382ms total)
T2768 4078:611 JLINK_WriteMem(0x0040CD00, 0x0100 Bytes, ...) -- Data:  DD F8 34 A0 0B E0 00 BF 54 3B 41 00 20 3B 41 00 ...  returns 0x100 (0000ms, 109382ms total)
T2768 4078:611 JLINK_WriteMem(0x0040CE00, 0x0100 Bytes, ...) -- Data:  07 01 D1 E9 00 23 08 31 10 91 14 46 1D 46 00 2A ...  returns 0x100 (0001ms, 109383ms total)
T2768 4078:612 JLINK_WriteMem(0x0040CF00, 0x0100 Bytes, ...) -- Data:  D6 E4 10 9B DD F8 24 C0 10 9D 7D 48 04 35 1C 68 ...  returns 0x100 (0000ms, 109383ms total)
T2768 4078:612 JLINK_WriteMem(0x0040D000, 0x0100 Bytes, ...) -- Data:  1F 46 03 24 14 95 8E E5 DD F8 24 C0 4C F0 20 0C ...  returns 0x100 (0000ms, 109383ms total)
T2768 4078:612 JLINK_WriteMem(0x0040D100, 0x0100 Bytes, ...) -- Data:  54 3B 41 00 34 3B 41 00 30 3B 41 00 B8 F1 65 0F ...  returns 0x100 (0001ms, 109384ms total)
T2768 4078:613 JLINK_WriteMem(0x0040D200, 0x0100 Bytes, ...) -- Data:  02 F1 08 02 17 DD 01 33 10 31 07 2B 2D 91 2C 93 ...  returns 0x100 (0000ms, 109384ms total)
T2768 4078:614 JLINK_WriteMem(0x0040D300, 0x0100 Bytes, ...) -- Data:  93 FE 00 28 7F F4 90 AB DD F8 B4 C0 38 AE E5 E4 ...  returns 0x100 (0000ms, 109385ms total)
T2768 4078:614 JLINK_WriteMem(0x0040D400, 0x0100 Bytes, ...) -- Data:  21 46 2B AA 04 F0 10 FE 00 28 7F F4 0D AB 2D 9A ...  returns 0x100 (0000ms, 109385ms total)
T2768 4078:614 JLINK_WriteMem(0x0040D500, 0x0100 Bytes, ...) -- Data:  E8 D1 08 9D EC 1B FF F7 05 BB 10 9D 01 23 2C 68 ...  returns 0x100 (0000ms, 109385ms total)
T2768 4078:614 JLINK_WriteMem(0x0040D600, 0x0100 Bytes, ...) -- Data:  AC 44 15 9D 01 33 35 60 18 9D 07 2B CD F8 B4 C0 ...  returns 0x100 (0001ms, 109386ms total)
T2768 4078:615 JLINK_WriteMem(0x0040D700, 0x0100 Bytes, ...) -- Data:  38 3B 41 00 2C 46 3D 46 0A 9F 94 46 01 33 A4 44 ...  returns 0x100 (0000ms, 109386ms total)
T2768 4078:615 JLINK_WriteMem(0x0040D800, 0x0100 Bytes, ...) -- Data:  13 A9 DD F8 B4 C0 38 AE B6 E4 0A 9D 28 F0 20 0A ...  returns 0x100 (0000ms, 109386ms total)
T2768 4078:615 JLINK_WriteMem(0x0040D900, 0x0100 Bytes, ...) -- Data:  AD 81 25 EA E5 73 2C 46 4F F0 67 08 BB F1 00 0F ...  returns 0x100 (0000ms, 109386ms total)
T2768 4078:615 JLINK_WriteMem(0x0040DA00, 0x0100 Bytes, ...) -- Data:  0D 98 0C 99 2B AA 04 F0 0F FB 00 28 7F F4 0C A8 ...  returns 0x100 (0001ms, 109387ms total)
T2768 4078:616 JLINK_WriteMem(0x0040DB00, 0x0100 Bytes, ...) -- Data:  8D F8 9C 80 8D F8 9D 30 65 DC 30 23 30 31 8D F8 ...  returns 0x100 (0000ms, 109387ms total)
T2768 4078:616 JLINK_WriteMem(0x0040DC00, 0x0100 Bytes, ...) -- Data:  00 F1 30 01 0D F1 AB 04 C9 B2 94 42 03 F8 01 1C ...  returns 0x100 (0000ms, 109387ms total)
T2768 4078:616 JLINK_WriteMem(0x0040DD00, 0x0100 Bytes, ...) -- Data:  A7 42 10 D0 40 46 55 F8 04 1F 32 46 02 F0 2E F8 ...  returns 0x100 (0000ms, 109387ms total)
T2768 4078:616 JLINK_WriteMem(0x0040DE00, 0x0100 Bytes, ...) -- Data:  28 44 4E 46 09 90 23 78 00 2B 00 F0 ED 83 00 21 ...  returns 0x100 (0001ms, 109388ms total)
T2768 4078:617 JLINK_WriteMem(0x0040DF00, 0x0100 Bytes, ...) -- Data:  B0 B9 02 9D AA 89 02 F0 1A 02 0A 2A 7F F4 49 AF ...  returns 0x100 (0000ms, 109388ms total)
T2768 4078:617 JLINK_WriteMem(0x0040E000, 0x0100 Bytes, ...) -- Data:  10 2C 40 F3 89 84 BE 4D 15 9A 2B 46 14 98 25 46 ...  returns 0x100 (0000ms, 109388ms total)
T2768 4078:617 JLINK_WriteMem(0x0040E100, 0x0100 Bytes, ...) -- Data:  28 B0 19 46 04 F0 0F 00 22 09 1B F8 00 00 42 EA ...  returns 0x100 (0000ms, 109388ms total)
T2768 4078:617 JLINK_WriteMem(0x0040E200, 0x0100 Bytes, ...) -- Data:  02 23 B6 E6 08 9B DD F8 20 B0 1B 68 01 24 4F F0 ...  returns 0x100 (0001ms, 109389ms total)
T2768 4078:618 JLINK_WriteMem(0x0040E300, 0x0100 Bytes, ...) -- Data:  94 3B 41 00 40 3B 41 00 08 9B DD F8 20 B0 04 90 ...  returns 0x100 (0000ms, 109389ms total)
T2768 4078:618 JLINK_WriteMem(0x0040E400, 0x0100 Bytes, ...) -- Data:  58 30 8D F8 47 B0 05 95 16 AF 0E E7 06 98 02 99 ...  returns 0x100 (0000ms, 109389ms total)
T2768 4078:618 JLINK_WriteMem(0x0040E500, 0x0100 Bytes, ...) -- Data:  8B 80 04 9D DD F8 0C B0 CB EB 05 04 00 2C 40 F3 ...  returns 0x100 (0001ms, 109390ms total)
T2768 4078:619 JLINK_WriteMem(0x0040E600, 0x0100 Bytes, ...) -- Data:  09 98 31 B0 BD E8 F0 8F 06 98 02 99 13 AA FF F7 ...  returns 0x100 (0000ms, 109390ms total)
T2768 4078:619 JLINK_WriteMem(0x0040E700, 0x0100 Bytes, ...) -- Data:  15 9A 58 1C CC 46 CE E7 00 2A 79 D1 19 46 4E 46 ...  returns 0x100 (0000ms, 109390ms total)
T2768 4078:619 JLINK_WriteMem(0x0040E800, 0x0100 Bytes, ...) -- Data:  06 98 02 99 13 AA CD F8 04 C0 FF F7 65 FA DD F8 ...  returns 0x100 (0001ms, 109391ms total)
T2768 4078:620 JLINK_WriteMem(0x0040E900, 0x0100 Bytes, ...) -- Data:  FF F7 EA F9 DD F8 04 C0 00 28 7F F4 74 AE 14 9B ...  returns 0x100 (0000ms, 109391ms total)
T2768 4078:620 JLINK_WriteMem(0x0040EA00, 0x0100 Bytes, ...) -- Data:  BD F8 0C 30 5B 06 05 D5 B8 F8 0C 30 43 F0 40 03 ...  returns 0x100 (0000ms, 109391ms total)
T2768 4078:620 JLINK_WriteMem(0x0040EB00, 0x0100 Bytes, ...) -- Data:  01 F0 E2 F9 A5 89 00 23 23 63 22 69 25 F0 24 05 ...  returns 0x100 (0000ms, 109391ms total)
T2768 4078:620 JLINK_WriteMem(0x0040EC00, 0x0100 Bytes, ...) -- Data:  05 F1 FF 35 F8 D3 CB F8 10 50 58 46 02 F0 C6 FD ...  returns 0x100 (0001ms, 109392ms total)
T2768 4078:621 JLINK_WriteMem(0x0040ED00, 0x0100 Bytes, ...) -- Data:  28 9E 00 2E F0 D0 C3 78 00 2B 00 F0 B6 80 00 F1 ...  returns 0x100 (0000ms, 109392ms total)
T2768 4078:621 JLINK_WriteMem(0x0040EE00, 0x0100 Bytes, ...) -- Data:  00 F1 26 82 00 25 08 95 07 9E 00 2E C0 F2 17 82 ...  returns 0x100 (0000ms, 109392ms total)
T2768 4078:621 JLINK_WriteMem(0x0040EF00, 0x0100 Bytes, ...) -- Data:  02 F1 01 0B 64 D0 00 22 18 4B FB F7 8B F9 00 22 ...  returns 0x100 (0000ms, 109392ms total)
T2768 4078:621 JLINK_WriteMem(0x0040F000, 0x0100 Bytes, ...) -- Data:  1B F8 01 5C 09 9A 05 E0 9A 42 00 F0 29 84 13 F8 ...  returns 0x100 (0001ms, 109393ms total)
T2768 4078:622 JLINK_WriteMem(0x0040F100, 0x0100 Bytes, ...) -- Data:  02 F0 A0 FA 80 46 24 99 01 29 40 F3 C1 82 00 27 ...  returns 0x100 (0000ms, 109393ms total)
T2768 4078:622 JLINK_WriteMem(0x0040F200, 0x0100 Bytes, ...) -- Data:  3F F4 0F AF 2D B1 B5 42 03 D0 29 46 20 46 02 F0 ...  returns 0x100 (0000ms, 109393ms total)
T2768 4078:622 JLINK_WriteMem(0x0040F300, 0x0100 Bytes, ...) -- Data:  19 46 48 46 02 93 02 F0 49 FA 02 9B 02 46 19 46 ...  returns 0x100 (0000ms, 109393ms total)
T2768 4078:622 JLINK_WriteMem(0x0040F400, 0x0100 Bytes, ...) -- Data:  10 01 05 F0 0F 05 4F F0 03 08 8D B1 DF F8 14 A1 ...  returns 0x100 (0001ms, 109394ms total)
T2768 4078:623 JLINK_WriteMem(0x0040F500, 0x0100 Bytes, ...) -- Data:  B8 F1 01 0F 40 F3 81 81 B0 44 CD F8 50 90 A2 46 ...  returns 0x100 (0000ms, 109394ms total)
T2768 4078:623 JLINK_WriteMem(0x0040F600, 0x0100 Bytes, ...) -- Data:  00 2E 7F F4 06 AE 0C E5 0A 99 20 46 02 F0 1A F8 ...  returns 0x100 (0000ms, 109394ms total)
T2768 4078:623 JLINK_WriteMem(0x0040F700, 0x0100 Bytes, ...) -- Data:  01 30 07 90 0B 70 76 E5 A3 46 03 9C 89 E4 40 46 ...  returns 0x100 (0000ms, 109394ms total)
T2768 4078:624 JLINK_WriteMem(0x0040F800, 0x0100 Bytes, ...) -- Data:  F8 D0 F8 E4 DD F8 50 90 54 46 DD E9 12 AB FF F7 ...  returns 0x100 (0000ms, 109395ms total)
T2768 4078:624 JLINK_WriteMem(0x0040F900, 0x0100 Bytes, ...) -- Data:  FA F7 DC FA DD F8 24 E0 30 35 B8 F1 01 0F 06 46 ...  returns 0x100 (0000ms, 109395ms total)
T2768 4078:624 JLINK_WriteMem(0x0040FA00, 0x0100 Bytes, ...) -- Data:  32 70 03 F1 01 0B 3E 46 09 99 FF F7 EE BB DD E9 ...  returns 0x100 (0000ms, 109395ms total)
T2768 4078:624 JLINK_WriteMem(0x0040FB00, 0x0100 Bytes, ...) -- Data:  2B 6B 52 1A 0B B1 EB 6B D2 1A 40 46 E9 69 00 23 ...  returns 0x100 (0000ms, 109395ms total)
T2768 4078:625 JLINK_WriteMem(0x0040FC00, 0x0100 Bytes, ...) -- Data:  AB 81 BD E8 F0 81 00 BF 10 B5 04 46 82 B0 08 B1 ...  returns 0x100 (0000ms, 109396ms total)
T2768 4078:625 JLINK_WriteMem(0x0040FD00, 0x0100 Bytes, ...) -- Data:  FB F7 84 F9 01 9B ED 61 C5 F8 20 B0 C5 F8 24 A0 ...  returns 0x100 (0000ms, 109396ms total)
T2768 4078:625 JLINK_WriteMem(0x0040FE00, 0x0100 Bytes, ...) -- Data:  BD E8 F0 81 A3 89 43 F0 40 03 A3 81 02 B0 BD E8 ...  returns 0x100 (0000ms, 109396ms total)
T2768 4078:625 JLINK_WriteMem(0x0040FF00, 0x0100 Bytes, ...) -- Data:  00 21 D0 19 40 68 C0 07 06 D4 3B 44 90 68 00 29 ...  returns 0x100 (0001ms, 109397ms total)
T2768 4078:626 JLINK_WriteMem(0x00410000, 0x0100 Bytes, ...) -- Data:  7F E7 14 2A 0B D8 02 F1 5B 00 41 00 92 E7 80 10 ...  returns 0x100 (0000ms, 109397ms total)
T2768 4078:626 JLINK_WriteMem(0x00410100, 0x0100 Bytes, ...) -- Data:  B2 80 20 68 BB 46 51 46 5A 46 01 F0 75 F8 A2 68 ...  returns 0x100 (0000ms, 109397ms total)
T2768 4078:626 JLINK_WriteMem(0x00410200, 0x0100 Bytes, ...) -- Data:  22 68 DB 1B 3A 44 A3 60 22 60 00 2B 9F D0 3A 46 ...  returns 0x100 (0000ms, 109397ms total)
T2768 4078:626 JLINK_WriteMem(0x00410300, 0x0100 Bytes, ...) -- Data:  CD F8 00 C0 00 F0 78 FF DD F8 00 C0 23 68 48 46 ...  returns 0x100 (0001ms, 109398ms total)
T2768 4078:627 JLINK_WriteMem(0x00410400, 0x0100 Bytes, ...) -- Data:  93 42 24 FA 0C F4 F4 D3 D3 1B 05 3B 23 F0 03 03 ...  returns 0x100 (0000ms, 109398ms total)
T2768 4078:627 JLINK_WriteMem(0x00410500, 0x0100 Bytes, ...) -- Data:  00 0F 0C D0 00 2F 0C BF 06 20 00 20 0B B0 BD E8 ...  returns 0x100 (0000ms, 109398ms total)
T2768 4078:627 JLINK_WriteMem(0x00410600, 0x0100 Bytes, ...) -- Data:  00 F0 54 81 01 2A 00 F0 71 81 07 98 05 99 00 F0 ...  returns 0x100 (0000ms, 109398ms total)
T2768 4078:627 JLINK_WriteMem(0x00410700, 0x0100 Bytes, ...) -- Data:  40 F3 D0 80 07 98 05 99 00 F0 06 FE 14 9A 00 23 ...  returns 0x100 (0001ms, 109399ms total)
T2768 4078:628 JLINK_WriteMem(0x00410800, 0x0100 Bytes, ...) -- Data:  83 F9 06 46 07 F0 1F 03 01 22 9A 40 08 98 7F 11 ...  returns 0x100 (0000ms, 109399ms total)
T2768 4078:628 JLINK_WriteMem(0x00410900, 0x0100 Bytes, ...) -- Data:  3F F4 83 AE 06 9A 53 68 D4 E7 15 98 00 28 D1 D0 ...  returns 0x100 (0000ms, 109399ms total)
T2768 4078:628 JLINK_WriteMem(0x00410A00, 0x0100 Bytes, ...) -- Data:  17 43 24 FA 0A F2 1F 60 43 F8 04 2F 9C 45 F4 D8 ...  returns 0x100 (0000ms, 109399ms total)
T2768 4078:628 JLINK_WriteMem(0x00410B00, 0x0100 Bytes, ...) -- Data:  03 46 59 68 01 FA 06 F4 14 43 21 FA 05 F2 1C 60 ...  returns 0x100 (0001ms, 109400ms total)
T2768 4078:629 JLINK_WriteMem(0x00410C00, 0x0100 Bytes, ...) -- Data:  43 02 43 F0 02 03 01 21 A3 81 22 60 22 61 61 61 ...  returns 0x100 (0000ms, 109400ms total)
T2768 4078:629 JLINK_WriteMem(0x00410D00, 0x0100 Bytes, ...) -- Data:  00 F3 64 81 00 2A C3 F8 14 E0 C3 F8 10 E0 69 DA ...  returns 0x100 (0000ms, 109400ms total)
T2768 4078:629 JLINK_WriteMem(0x00410E00, 0x0100 Bytes, ...) -- Data:  63 68 23 F0 03 09 A9 45 04 D3 C5 EB 09 03 0F 2B ...  returns 0x100 (0001ms, 109401ms total)
T2768 4078:630 JLINK_WriteMem(0x00410F00, 0x0100 Bytes, ...) -- Data:  00 F2 11 81 17 4A BC 68 11 68 8B 42 88 BF 13 60 ...  returns 0x100 (0000ms, 109401ms total)
T2768 4078:630 JLINK_WriteMem(0x00411000, 0x0100 Bytes, ...) -- Data:  08 04 7F F4 AD AE 2D E0 04 F1 08 03 64 69 A3 42 ...  returns 0x100 (0000ms, 109401ms total)
T2768 4078:630 JLINK_WriteMem(0x00411100, 0x0100 Bytes, ...) -- Data:  0B 01 00 29 7F F4 B1 AE 0A EB 09 01 BA 68 41 F0 ...  returns 0x100 (0000ms, 109401ms total)
T2768 4078:630 JLINK_WriteMem(0x00411200, 0x0100 Bytes, ...) -- Data:  A0 42 0D D2 85 18 53 1E 42 B1 21 46 2A 46 11 F8 ...  returns 0x100 (0001ms, 109402ms total)
T2768 4078:631 JLINK_WriteMem(0x00411300, 0x0100 Bytes, ...) -- Data:  01 FA 04 F6 72 1D 28 46 92 00 00 F0 FF FF 00 28 ...  returns 0x100 (0000ms, 109402ms total)
T2768 4078:631 JLINK_WriteMem(0x00411400, 0x0100 Bytes, ...) -- Data:  21 DD 04 F1 09 06 35 46 44 44 15 F8 01 3B 01 46 ...  returns 0x100 (0000ms, 109402ms total)
T2768 4078:631 JLINK_WriteMem(0x00411500, 0x0100 Bytes, ...) -- Data:  44 61 02 61 10 BD 00 BF 2D E9 F0 4F 0D 69 D2 F8 ...  returns 0x100 (0000ms, 109402ms total)
T2768 4078:631 JLINK_WriteMem(0x00411600, 0x0100 Bytes, ...) -- Data:  9D 42 0A EB 1B 4A 4F EA 1A 4B E4 D8 C1 F8 04 A0 ...  returns 0x100 (0001ms, 109403ms total)
T2768 4078:632 JLINK_WriteMem(0x00411700, 0x0100 Bytes, ...) -- Data:  5B 00 9E 42 01 F1 01 01 FA DC 40 46 FF F7 DE FD ...  returns 0x100 (0000ms, 109403ms total)
T2768 4078:632 JLINK_WriteMem(0x00411800, 0x0100 Bytes, ...) -- Data:  69 68 20 46 FF F7 62 FD 2F 69 32 69 14 35 14 36 ...  returns 0x100 (0000ms, 109403ms total)
T2768 4078:632 JLINK_WriteMem(0x00411900, 0x0100 Bytes, ...) -- Data:  00 F1 14 06 06 EB 84 04 54 F8 04 5C 0F 46 28 46 ...  returns 0x100 (0000ms, 109403ms total)
T2768 4078:633 JLINK_WriteMem(0x00411A00, 0x0100 Bytes, ...) -- Data:  10 40 DE B9 08 EB 84 03 A0 F2 32 40 38 60 18 69 ...  returns 0x100 (0000ms, 109404ms total)
T2768 4078:633 JLINK_WriteMem(0x00411B00, 0x0100 Bytes, ...) -- Data:  FB D8 70 BC 70 47 00 BF 03 69 4A 11 93 42 10 B4 ...  returns 0x100 (0000ms, 109404ms total)
T2768 4078:633 JLINK_WriteMem(0x00411C00, 0x0100 Bytes, ...) -- Data:  24 2A CB 60 99 60 00 F2 23 81 13 2A 40 F2 B0 80 ...  returns 0x100 (0000ms, 109404ms total)
T2768 4078:633 JLINK_WriteMem(0x00411D00, 0x0100 Bytes, ...) -- Data:  10 0C 22 F0 03 02 50 19 60 45 3D DA 70 46 59 E7 ...  returns 0x100 (0001ms, 109405ms total)
T2768 4078:634 JLINK_WriteMem(0x00411E00, 0x0100 Bytes, ...) -- Data:  9A 60 C6 EB 0C 02 0A EB 06 03 42 F0 01 02 CB F8 ...  returns 0x100 (0000ms, 109405ms total)
T2768 4078:634 JLINK_WriteMem(0x00411F00, 0x0100 Bytes, ...) -- Data:  E3 68 CA F8 14 30 03 D0 10 34 0A F1 18 03 72 E7 ...  returns 0x100 (0000ms, 109405ms total)
T2768 4078:634 JLINK_WriteMem(0x00412000, 0x0100 Bytes, ...) -- Data:  10 B5 0C 46 B1 F9 0E 10 00 F0 30 FA A3 89 42 1C ...  returns 0x100 (0000ms, 109405ms total)
T2768 4078:634 JLINK_WriteMem(0x00412100, 0x0100 Bytes, ...) -- Data:  00 30 42 F0 40 02 00 23 4F F0 FF 30 AA 81 CA F8 ...  returns 0x100 (0001ms, 109406ms total)
T2768 4078:635 JLINK_WriteMem(0x00412200, 0x0100 Bytes, ...) -- Data:  2B 60 06 B0 BD E8 F0 81 1F 68 FE F7 89 FC 00 96 ...  returns 0x100 (0000ms, 109406ms total)
T2768 4078:635 JLINK_WriteMem(0x00412300, 0x0100 Bytes, ...) -- Data:  B9 E7 00 BF B8 3A 41 00 1D 0C 41 00 10 B5 02 FB ...  returns 0x100 (0000ms, 109406ms total)
T2768 4078:635 JLINK_WriteMem(0x00412400, 0x0100 Bytes, ...) -- Data:  FD F7 1E FC CC E7 28 46 21 69 FD F7 5D FD DD E7 ...  returns 0x100 (0000ms, 109406ms total)
T2768 4078:635 JLINK_WriteMem(0x00412500, 0x0100 Bytes, ...) -- Data:  00 29 08 BF 00 28 02 D0 4F F0 FF 31 08 46 00 F0 ...  returns 0x100 (0001ms, 109407ms total)
T2768 4078:636 JLINK_WriteMem(0x00412600, 0x0100 Bytes, ...) -- Data:  00 FB 03 F0 B6 B2 46 EA 01 41 88 42 08 D9 49 19 ...  returns 0x100 (0000ms, 109407ms total)
T2768 4078:636 JLINK_WriteMem(0x00412700, 0x0100 Bytes, ...) -- Data:  85 FC 0C FB 08 F3 49 EA 07 09 4F EA 19 47 47 EA ...  returns 0x100 (0000ms, 109407ms total)
T2768 4078:636 JLINK_WriteMem(0x00412800, 0x0100 Bytes, ...) -- Data:  08 F6 86 42 F5 D2 6A 1E 00 23 11 E7 1A 46 E5 E7 ...  returns 0x100 (0000ms, 109407ms total)
T2768 4078:636 JLINK_WriteMem(0x00412900, 0x0100 Bytes, ...) -- Data:  B1 FB F6 F0 06 FB 10 11 07 FB 00 F2 4F EA 15 4C ...  returns 0x100 (0001ms, 109408ms total)
T2768 4078:637 JLINK_WriteMem(0x00412A00, 0x0100 Bytes, ...) -- Data:  20 09 21 FA 09 FC 91 40 20 FA 09 F9 26 0C BC FB ...  returns 0x100 (0000ms, 109408ms total)
T2768 4078:637 JLINK_WriteMem(0x00412B00, 0x0100 Bytes, ...) -- Data:  01 82 40 00 74 54 6F 74 61 6C 53 61 6D 70 6C 65 ...  returns 0x100 (0000ms, 109408ms total)
T2768 4078:637 JLINK_WriteMem(0x00412C00, 0x0100 Bytes, ...) -- Data:  3B 00 00 00 09 43 4F 4D 4D 41 4E 44 20 55 4E 4B ...  returns 0x100 (0000ms, 109408ms total)
T2768 4078:638 JLINK_WriteMem(0x00412D00, 0x0100 Bytes, ...) -- Data:  6C 65 20 4B 61 6C 6D 61 6E 3A 0A 25 30 2E 33 66 ...  returns 0x100 (0000ms, 109408ms total)
T2768 4078:638 JLINK_WriteMem(0x00412E00, 0x0100 Bytes, ...) -- Data:  00 00 00 00 00 00 00 00 F0 00 F0 00 00 00 00 00 ...  returns 0x100 (0000ms, 109408ms total)
T2768 4078:638 JLINK_WriteMem(0x00412F00, 0x0100 Bytes, ...) -- Data:  00 00 00 00 00 00 00 00 00 00 00 0C 00 3C 00 F0 ...  returns 0x100 (0000ms, 109408ms total)
T2768 4078:638 JLINK_WriteMem(0x00413000, 0x0100 Bytes, ...) -- Data:  3C EC 3C F8 18 70 00 00 00 00 00 00 00 00 03 00 ...  returns 0x100 (0001ms, 109409ms total)
T2768 4078:639 JLINK_WriteMem(0x00413100, 0x0100 Bytes, ...) -- Data:  03 00 03 00 03 00 03 00 03 00 03 00 FF FC FF FC ...  returns 0x100 (0000ms, 109409ms total)
T2768 4078:639 JLINK_WriteMem(0x00413200, 0x0100 Bytes, ...) -- Data:  FF F0 FF F8 00 1C 00 0C 00 0C 00 0C 00 0C 00 1C ...  returns 0x100 (0000ms, 109409ms total)
T2768 4078:639 JLINK_WriteMem(0x00413300, 0x0100 Bytes, ...) -- Data:  07 FC 03 F8 FF FC FF FC 03 0C 03 0C 03 0C 03 0C ...  returns 0x100 (0000ms, 109409ms total)
T2768 4078:639 JLINK_WriteMem(0x00413400, 0x0100 Bytes, ...) -- Data:  0C 00 0E 00 07 FC 03 FC 03 F0 07 F8 0E 1C 0C 0C ...  returns 0x100 (0001ms, 109410ms total)
T2768 4078:640 JLINK_WriteMem(0x00413500, 0x0100 Bytes, ...) -- Data:  7C F8 E0 1C C0 0C C0 0C C0 0C 00 00 03 0C 03 0C ...  returns 0x100 (0000ms, 109410ms total)
T2768 4078:640 JLINK_WriteMem(0x00413600, 0x0100 Bytes, ...) -- Data:  6F 72 20 5B 25 66 5D 0D 0A 00 00 00 51 41 6E 67 ...  returns 0x100 (0000ms, 109410ms total)
T2768 4078:640 JLINK_WriteMem(0x00413700, 0x0100 Bytes, ...) -- Data:  6B 0D 0A 00 54 61 73 6B 20 49 4D 55 5F 54 20 43 ...  returns 0x100 (0000ms, 109410ms total)
T2768 4078:640 JLINK_WriteMem(0x00413800, 0x0100 Bytes, ...) -- Data:  7C D9 32 40 9C 6B 34 40 BB FD 35 40 DB 8F 37 40 ...  returns 0x100 (0001ms, 109411ms total)
T2768 4078:641 JLINK_WriteMem(0x00413900, 0x0100 Bytes, ...) -- Data:  F7 39 07 00 92 52 8A 00 FB 6B EA 00 1F B1 5F 00 ...  returns 0x100 (0000ms, 109411ms total)
T2768 4078:641 JLINK_WriteMem(0x00413A00, 0x0100 Bytes, ...) -- Data:  01 01 01 01 01 01 01 01 01 01 01 01 10 10 10 10 ...  returns 0x100 (0000ms, 109411ms total)
T2768 4078:641 JLINK_WriteMem(0x00413B00, 0x0100 Bytes, ...) -- Data:  33 A7 A8 D5 23 F6 49 39 3D A7 F4 44 FD 0F A5 32 ...  returns 0x100 (0000ms, 109411ms total)
T2768 4078:642 JLINK_WriteMem(0x00413C00, 0x0100 Bytes, ...) -- Data:  00 00 00 00 00 00 00 00 00 00 00 00 00 00 00 00 ...  returns 0x100 (0000ms, 109412ms total)
T2768 4078:642 JLINK_WriteMem(0x00413D00, 0x0100 Bytes, ...) -- Data:  00 00 00 00 84 D7 97 41 00 00 00 00 65 CD CD 41 ...  returns 0x100 (0000ms, 109412ms total)
T2768 4078:642 JLINK_WriteMem(0x00413E00, 0x0100 Bytes, ...) -- Data:  24 4B 25 4A 1A 62 00 BF 22 4B 9B 6E 03 F0 01 03 ...  returns 0x100 (0000ms, 109412ms total)
T2768 4078:642 JLINK_WriteMem(0x00413F00, 0x0100 Bytes, ...) -- Data:  00 0A 0E 40 FF 47 E8 01 FF 6B DC 02 00 00 00 00 ...  returns 0x100 (0001ms, 109413ms total)
T2768 4078:643 JLINK_WriteMem(0x00414000, 0x0100 Bytes, ...) -- Data:  00 00 00 00 00 00 00 00 00 00 00 00 00 00 00 00 ...  returns 0x100 (0000ms, 109413ms total)
T2768 4078:643 JLINK_WriteMem(0x00414100, 0x0100 Bytes, ...) -- Data:  00 00 00 00 00 00 00 00 00 00 00 00 00 00 00 00 ...  returns 0x100 (0000ms, 109413ms total)
T2768 4078:643 JLINK_WriteMem(0x00414200, 0x0100 Bytes, ...) -- Data:  00 00 00 00 00 00 00 00 00 00 00 00 00 00 00 00 ...  returns 0x100 (0000ms, 109413ms total)
T2768 4078:643 JLINK_WriteMem(0x00414300, 0x0100 Bytes, ...) -- Data:  00 00 00 00 00 00 00 00 00 00 00 00 00 00 00 00 ...  returns 0x100 (0001ms, 109414ms total)
T2768 4078:644 JLINK_WriteMem(0x00414400, 0x0100 Bytes, ...) -- Data:  10 06 00 20 10 06 00 20 18 06 00 20 18 06 00 20 ...  returns 0x100 (0000ms, 109414ms total)
T2768 4078:644 JLINK_WriteMem(0x00414500, 0x0100 Bytes, ...) -- Data:  10 07 00 20 10 07 00 20 18 07 00 20 18 07 00 20 ...  returns 0x100 (0000ms, 109414ms total)
T2768 4078:644 JLINK_WriteMem(0x00414600, 0x0100 Bytes, ...) -- Data:  10 08 00 20 10 08 00 20 18 08 00 20 18 08 00 20 ...  returns 0x100 (0000ms, 109414ms total)
T2768 4078:644 JLINK_WriteMem(0x00414700, 0x0100 Bytes, ...) -- Data:  10 09 00 20 10 09 00 20 18 09 00 20 18 09 00 20 ...  returns 0x100 (0001ms, 109415ms total)
T2768 4079:049 JLINK_EndDownload() -- -------------------------------------- -- Start of determining dirty areas -- End of determining dirty areas -- Start of preparing flash programming -- Calculating RAM usage -- RAM usage = 5756 Bytes -- Preserving registers -- Preparing memory -- Determining CPU clock frequency -- CPU clock frequency: 3700 kHz -- CPU frequency = 3700 kHz -- Preparing target -- Downloading RAMCode -- Using alternate TurboMode RAMCode -- Checking target RAM -- Preparing RAMCode
 -- End of preparing flash programmingCPU is running at low speed (3700 kHz). -- CPU is running at 3700 kHz. -- Start of comparing flash -- CRC check was estimated as fastest method -- Comparing range 0x400000 - 0x407FFF (128 Sectors, 32 KB), using multi-block CRC calculation -- CRC does not match for sectors 0-127 -- Comparing range 0x408000 - 0x40FFFF (128 Sectors, 32 KB), using multi-block CRC calculation -- CRC does not match for sectors 0-127
 -- Comparing range 0x410000 - 0x4147FF (72 Sectors, 18 KB), using multi-block CRC calculation -- CRC does not match for sectors 0-71 -- End of comparing flash -- Start of erasing sectors -- End of erasing sectors -- Start of flash programming -- Programming range 0x00400000 - 0x00401FFF ( 32 Sectors, 8 KB) -- Programming range 0x00402000 - 0x00403FFF ( 32 Sectors, 8 KB) -- Programming range 0x00404000 - 0x00405FFF ( 32 Sectors, 8 KB) -- Programming range 0x00406000 - 0x00407FFF ( 32 Sectors, 8 KB)
 -- Programming range 0x00408000 - 0x00409FFF ( 32 Sectors, 8 KB) -- Programming range 0x0040A000 - 0x0040BFFF ( 32 Sectors, 8 KB) -- Programming range 0x0040C000 - 0x0040DFFF ( 32 Sectors, 8 KB) -- Programming range 0x0040E000 - 0x0040FFFF ( 32 Sectors, 8 KB) -- Programming range 0x00410000 - 0x00411FFF ( 32 Sectors, 8 KB) -- Programming range 0x00412000 - 0x00413FFF ( 32 Sectors, 8 KB) -- Programming range 0x00414000 - 0x004147FF (  8 Sectors, 2 KB) -- End of flash programming
 -- Flash programming performed for 1 range (83968 bytes) -- 0x400000 - 0x4147FF (328 Sectors, 82 KB) -- Start of verifying flash -- Checksum calculation was estimated as fastest method -- End of verifying flash -- Start of restoring -- Restore RAMCode -- Restore content of target memory -- Restore target -- Restore memory -- Restore content of registers -- End of restoring -- Total time needed: 2.350s (Prepare: 0.163s, Compare: 0.185s, Erase: 0.000s, Program: 1.917s, Verify: 0.072s, Restore: 0.012s)
  returns 0x14800 (2352ms, 111767ms total)
T2768 4081:402 JLINK_ResetPullsRESET(ON) (0000ms, 111767ms total)
T2768 4081:402 JLINK_ResetNoHalt() >0x2F8 JTAG>TotalIRLen = 4, IRPrint = 0x01 >0x30 JTAG> >0x210 JTAG> >0x70 JTAG> >0x40 JTAG> >0x40 JTAG> >0x40 JTAG> >0x48 JTAG> >0x78 JTAG> >0x40 JTAG> >0x30 JTAG> >0x40 JTAG> >0x40 JTAG> >0x30 JTAG> >0x40 JTAG> >0x48 JTAG>Found Cortex-M3 r2p0, Little endian. -- CPU_WriteMem(4 bytes @ 0xE0002000) -- CPU_ReadMem(4 bytes @ 0xE000EDF0) -- CPU_ReadMem(4 bytes @ 0xE0002000)FPUnit: 6 code (BP) slots and 2 literal slots -- CPU_ReadMem(4 bytes @ 0xE000EDFC)
 -- CPU_ReadMem(4 bytes @ 0xE0001000) -- CPU_ReadMem(4 bytes @ 0xE00FF010)TPIU fitted. -- CPU_ReadMem(4 bytes @ 0xE00FF014) -- CPU_ReadMem(4 bytes @ 0xE00FF018)
                JLINK_Reset() -- CPU_ReadMem(16 bytes @ 0x20000000) -- CPU_WriteMem(16 bytes @ 0x20000000) -- CPU_ReadMem(4 bytes @ 0xE000EDFC) -- CPU_WriteMem(4 bytes @ 0xE000EDFC) -- CPU_WriteMem(4 bytes @ 0xE000ED0C) -- CPU_ReadMem(4 bytes @ 0xE000EDF0) -- CPU_ReadMem(4 bytes @ 0xE000EDF0) -- CPU_WriteMem(4 bytes @ 0xE000EDFC) -- CPU_WriteMem(16 bytes @ 0x20000000) -- CPU_WriteMem(4 bytes @ 0xE0002000) -- CPU_ReadMem(4 bytes @ 0xE000EDFC) -- CPU_ReadMem(4 bytes @ 0xE0001000) (0041ms, 0041ms total)
                JLINK_Go() -- CPU_WriteMem(4 bytes @ 0xE0001004) (0002ms, 0043ms total)
               (0062ms, 111829ms total)
T2768 4081:718 JLINK_Close() >0x78 JTAG> >0x08 JTAG> (0003ms, 111832ms total)
T2768 4081:718  (0003ms, 111832ms total)
T2768 4081:718 Closed (0003ms, 111832ms total)
